[
    {
        "_ansible_ignore_errors": null, 
        "_ansible_item_result": true, 
        "_ansible_no_log": false, 
        "_ansible_parsed": true, 
        "changed": false, 
        "cmd": [
            "diff", 
            "/etc/ansible/playbooks/master/userdb/etl.conf", 
            "/etc/ansible/playbooks/uk3/userdb/user2b/etl.conf"
        ], 
        "delta": "0:00:00.001951", 
        "end": "2018-09-18 01:29:27.228526", 
        "failed": false, 
        "failed_when_result": false, 
        "invocation": {
            "module_args": {
                "_raw_params": "diff /etc/ansible/playbooks/master/userdb/etl.conf /etc/ansible/playbooks/uk3/userdb/user2b/etl.conf", 
                "_uses_shell": false, 
                "chdir": "/etc/ansible/playbooks/", 
                "creates": null, 
                "executable": null, 
                "removes": null, 
                "stdin": null, 
                "warn": true
            }
        }, 
        "item": "user2b", 
        "rc": 0, 
        "start": "2018-09-18 01:29:27.226575", 
        "stderr": "", 
        "stderr_lines": [], 
        "stdout": "", 
        "stdout_lines": []
    }, 
    {
        "_ansible_ignore_errors": null, 
        "_ansible_item_result": true, 
        "_ansible_no_log": false, 
        "_ansible_parsed": true, 
        "changed": false, 
        "cmd": [
            "diff", 
            "/etc/ansible/playbooks/master/userdb/etl.conf", 
            "/etc/ansible/playbooks/uk3/userdb/user2a/etl.conf"
        ], 
        "delta": "0:00:00.001625", 
        "end": "2018-09-18 01:29:27.474404", 
        "failed": false, 
        "failed_when_result": false, 
        "invocation": {
            "module_args": {
                "_raw_params": "diff /etc/ansible/playbooks/master/userdb/etl.conf /etc/ansible/playbooks/uk3/userdb/user2a/etl.conf", 
                "_uses_shell": false, 
                "chdir": "/etc/ansible/playbooks/", 
                "creates": null, 
                "executable": null, 
                "removes": null, 
                "stdin": null, 
                "warn": true
            }
        }, 
        "item": "user2a", 
        "rc": 0, 
        "start": "2018-09-18 01:29:27.472779", 
        "stderr": "", 
        "stderr_lines": [], 
        "stdout": "", 
        "stdout_lines": []
    }, 
    {
        "_ansible_ignore_errors": null, 
        "_ansible_item_result": true, 
        "_ansible_no_log": false, 
        "_ansible_parsed": true, 
        "changed": false, 
        "cmd": [
            "diff", 
            "/etc/ansible/playbooks/master/userdb/etl.conf", 
            "/etc/ansible/playbooks/uk3/userdb/user1/etl.conf"
        ], 
        "delta": "0:00:00.001581", 
        "end": "2018-09-18 01:29:27.701966", 
        "failed": false, 
        "failed_when_result": false, 
        "invocation": {
            "module_args": {
                "_raw_params": "diff /etc/ansible/playbooks/master/userdb/etl.conf /etc/ansible/playbooks/uk3/userdb/user1/etl.conf", 
                "_uses_shell": false, 
                "chdir": "/etc/ansible/playbooks/", 
                "creates": null, 
                "executable": null, 
                "removes": null, 
                "stdin": null, 
                "warn": true
            }
        }, 
        "item": "user1", 
        "rc": 0, 
        "start": "2018-09-18 01:29:27.700385", 
        "stderr": "", 
        "stderr_lines": [], 
        "stdout": "", 
        "stdout_lines": []
    }
]