[
    {
        "_ansible_ignore_errors": null, 
        "_ansible_item_result": true, 
        "_ansible_no_log": false, 
        "_ansible_parsed": true, 
        "changed": false, 
        "cmd": [
            "diff", 
            "/etc/ansible/playbooks/master/userdb/ha.yml", 
            "/etc/ansible/playbooks/uk3/userdb/user2b/ha.yml"
        ], 
        "delta": "0:00:00.001879", 
        "end": "2018-09-18 02:21:04.442255", 
        "failed": false, 
        "failed_when_result": false, 
        "invocation": {
            "module_args": {
                "_raw_params": "diff /etc/ansible/playbooks/master/userdb/ha.yml /etc/ansible/playbooks/uk3/userdb/user2b/ha.yml", 
                "_uses_shell": false, 
                "chdir": "/etc/ansible/playbooks/", 
                "creates": null, 
                "executable": null, 
                "removes": null, 
                "stdin": null, 
                "warn": true
            }
        }, 
        "item": "user2b", 
        "rc": 0, 
        "start": "2018-09-18 02:21:04.440376", 
        "stderr": "", 
        "stderr_lines": [], 
        "stdout": "", 
        "stdout_lines": []
    }, 
    {
        "_ansible_ignore_errors": null, 
        "_ansible_item_result": true, 
        "_ansible_no_log": false, 
        "_ansible_parsed": true, 
        "changed": false, 
        "cmd": [
            "diff", 
            "/etc/ansible/playbooks/master/userdb/ha.yml", 
            "/etc/ansible/playbooks/uk3/userdb/user2a/ha.yml"
        ], 
        "delta": "0:00:00.001585", 
        "end": "2018-09-18 02:21:04.687109", 
        "failed": false, 
        "failed_when_result": false, 
        "invocation": {
            "module_args": {
                "_raw_params": "diff /etc/ansible/playbooks/master/userdb/ha.yml /etc/ansible/playbooks/uk3/userdb/user2a/ha.yml", 
                "_uses_shell": false, 
                "chdir": "/etc/ansible/playbooks/", 
                "creates": null, 
                "executable": null, 
                "removes": null, 
                "stdin": null, 
                "warn": true
            }
        }, 
        "item": "user2a", 
        "rc": 0, 
        "start": "2018-09-18 02:21:04.685524", 
        "stderr": "", 
        "stderr_lines": [], 
        "stdout": "", 
        "stdout_lines": []
    }, 
    {
        "_ansible_ignore_errors": null, 
        "_ansible_item_result": true, 
        "_ansible_no_log": false, 
        "_ansible_parsed": true, 
        "changed": false, 
        "cmd": [
            "diff", 
            "/etc/ansible/playbooks/master/userdb/ha.yml", 
            "/etc/ansible/playbooks/uk3/userdb/user1/ha.yml"
        ], 
        "delta": "0:00:00.001664", 
        "end": "2018-09-18 02:21:04.914349", 
        "failed": false, 
        "failed_when_result": false, 
        "invocation": {
            "module_args": {
                "_raw_params": "diff /etc/ansible/playbooks/master/userdb/ha.yml /etc/ansible/playbooks/uk3/userdb/user1/ha.yml", 
                "_uses_shell": false, 
                "chdir": "/etc/ansible/playbooks/", 
                "creates": null, 
                "executable": null, 
                "removes": null, 
                "stdin": null, 
                "warn": true
            }
        }, 
        "item": "user1", 
        "rc": 0, 
        "start": "2018-09-18 02:21:04.912685", 
        "stderr": "", 
        "stderr_lines": [], 
        "stdout": "", 
        "stdout_lines": []
    }
]