[
    {
        "_ansible_ignore_errors": null, 
        "_ansible_item_result": true, 
        "_ansible_no_log": false, 
        "_ansible_parsed": true, 
        "changed": false, 
        "cmd": [
            "diff", 
            "/etc/ansible/playbooks/master/userdb/pgbouncer.ini", 
            "/etc/ansible/playbooks/uk3/userdb/user2b/pgbouncer.ini"
        ], 
        "delta": "0:00:00.001714", 
        "end": "2018-09-18 02:22:26.623568", 
        "failed": false, 
        "failed_when_result": false, 
        "invocation": {
            "module_args": {
                "_raw_params": "diff /etc/ansible/playbooks/master/userdb/pgbouncer.ini /etc/ansible/playbooks/uk3/userdb/user2b/pgbouncer.ini", 
                "_uses_shell": false, 
                "chdir": "/etc/ansible/playbooks/", 
                "creates": null, 
                "executable": null, 
                "removes": null, 
                "stdin": null, 
                "warn": true
            }
        }, 
        "item": "user2b", 
        "rc": 0, 
        "start": "2018-09-18 02:22:26.621854", 
        "stderr": "", 
        "stderr_lines": [], 
        "stdout": "", 
        "stdout_lines": []
    }, 
    {
        "_ansible_ignore_errors": null, 
        "_ansible_item_result": true, 
        "_ansible_no_log": false, 
        "_ansible_parsed": true, 
        "changed": false, 
        "cmd": [
            "diff", 
            "/etc/ansible/playbooks/master/userdb/pgbouncer.ini", 
            "/etc/ansible/playbooks/uk3/userdb/user2a/pgbouncer.ini"
        ], 
        "delta": "0:00:00.001699", 
        "end": "2018-09-18 02:22:26.872945", 
        "failed": false, 
        "failed_when_result": false, 
        "invocation": {
            "module_args": {
                "_raw_params": "diff /etc/ansible/playbooks/master/userdb/pgbouncer.ini /etc/ansible/playbooks/uk3/userdb/user2a/pgbouncer.ini", 
                "_uses_shell": false, 
                "chdir": "/etc/ansible/playbooks/", 
                "creates": null, 
                "executable": null, 
                "removes": null, 
                "stdin": null, 
                "warn": true
            }
        }, 
        "item": "user2a", 
        "rc": 0, 
        "start": "2018-09-18 02:22:26.871246", 
        "stderr": "", 
        "stderr_lines": [], 
        "stdout": "", 
        "stdout_lines": []
    }, 
    {
        "_ansible_ignore_errors": null, 
        "_ansible_item_result": true, 
        "_ansible_no_log": false, 
        "_ansible_parsed": true, 
        "changed": false, 
        "cmd": [
            "diff", 
            "/etc/ansible/playbooks/master/userdb/pgbouncer.ini", 
            "/etc/ansible/playbooks/uk3/userdb/user1/pgbouncer.ini"
        ], 
        "delta": "0:00:00.001664", 
        "end": "2018-09-18 02:22:27.105629", 
        "failed": false, 
        "failed_when_result": false, 
        "invocation": {
            "module_args": {
                "_raw_params": "diff /etc/ansible/playbooks/master/userdb/pgbouncer.ini /etc/ansible/playbooks/uk3/userdb/user1/pgbouncer.ini", 
                "_uses_shell": false, 
                "chdir": "/etc/ansible/playbooks/", 
                "creates": null, 
                "executable": null, 
                "removes": null, 
                "stdin": null, 
                "warn": true
            }
        }, 
        "item": "user1", 
        "rc": 0, 
        "start": "2018-09-18 02:22:27.103965", 
        "stderr": "", 
        "stderr_lines": [], 
        "stdout": "", 
        "stdout_lines": []
    }
]