[
    {
        "_ansible_ignore_errors": null, 
        "_ansible_item_result": true, 
        "_ansible_no_log": false, 
        "_ansible_parsed": true, 
        "changed": false, 
        "cmd": [
            "diff", 
            "/etc/ansible/playbooks/master/userdb/scheduler.yml", 
            "/etc/ansible/playbooks/uk3/userdb/user2b/scheduler.yml"
        ], 
        "delta": "0:00:00.002206", 
        "end": "2018-09-18 02:25:01.283590", 
        "failed": false, 
        "failed_when_result": false, 
        "invocation": {
            "module_args": {
                "_raw_params": "diff /etc/ansible/playbooks/master/userdb/scheduler.yml /etc/ansible/playbooks/uk3/userdb/user2b/scheduler.yml", 
                "_uses_shell": false, 
                "chdir": "/etc/ansible/playbooks/", 
                "creates": null, 
                "executable": null, 
                "removes": null, 
                "stdin": null, 
                "warn": true
            }
        }, 
        "item": "user2b", 
        "rc": 0, 
        "start": "2018-09-18 02:25:01.281384", 
        "stderr": "", 
        "stderr_lines": [], 
        "stdout": "", 
        "stdout_lines": []
    }, 
    {
        "_ansible_ignore_errors": null, 
        "_ansible_item_result": true, 
        "_ansible_no_log": false, 
        "_ansible_parsed": true, 
        "changed": false, 
        "cmd": [
            "diff", 
            "/etc/ansible/playbooks/master/userdb/scheduler.yml", 
            "/etc/ansible/playbooks/uk3/userdb/user2a/scheduler.yml"
        ], 
        "delta": "0:00:00.001873", 
        "end": "2018-09-18 02:25:01.557982", 
        "failed": false, 
        "failed_when_result": false, 
        "invocation": {
            "module_args": {
                "_raw_params": "diff /etc/ansible/playbooks/master/userdb/scheduler.yml /etc/ansible/playbooks/uk3/userdb/user2a/scheduler.yml", 
                "_uses_shell": false, 
                "chdir": "/etc/ansible/playbooks/", 
                "creates": null, 
                "executable": null, 
                "removes": null, 
                "stdin": null, 
                "warn": true
            }
        }, 
        "item": "user2a", 
        "rc": 0, 
        "start": "2018-09-18 02:25:01.556109", 
        "stderr": "", 
        "stderr_lines": [], 
        "stdout": "", 
        "stdout_lines": []
    }, 
    {
        "_ansible_ignore_errors": null, 
        "_ansible_item_result": true, 
        "_ansible_no_log": false, 
        "_ansible_parsed": true, 
        "changed": false, 
        "cmd": [
            "diff", 
            "/etc/ansible/playbooks/master/userdb/scheduler.yml", 
            "/etc/ansible/playbooks/uk3/userdb/user1/scheduler.yml"
        ], 
        "delta": "0:00:00.001618", 
        "end": "2018-09-18 02:25:01.818049", 
        "failed": false, 
        "failed_when_result": false, 
        "invocation": {
            "module_args": {
                "_raw_params": "diff /etc/ansible/playbooks/master/userdb/scheduler.yml /etc/ansible/playbooks/uk3/userdb/user1/scheduler.yml", 
                "_uses_shell": false, 
                "chdir": "/etc/ansible/playbooks/", 
                "creates": null, 
                "executable": null, 
                "removes": null, 
                "stdin": null, 
                "warn": true
            }
        }, 
        "item": "user1", 
        "rc": 0, 
        "start": "2018-09-18 02:25:01.816431", 
        "stderr": "", 
        "stderr_lines": [], 
        "stdout": "", 
        "stdout_lines": []
    }
]