[
    {
        "_ansible_ignore_errors": null, 
        "_ansible_item_result": true, 
        "_ansible_no_log": false, 
        "_ansible_parsed": true, 
        "changed": false, 
        "cmd": [
            "diff", 
            "/etc/ansible/playbooks/movius/test_160/before_upgrade/nano/ha.yml", 
            "/etc/ansible/playbooks/movius/test_160/after_upgrade/nano/ha.yml"
        ], 
        "delta": "0:00:00.001796", 
        "end": "2018-10-05 05:10:00.550523", 
        "failed": false, 
        "failed_when_result": false, 
        "invocation": {
            "module_args": {
                "_raw_params": "diff /etc/ansible/playbooks/movius/test_160/before_upgrade/nano/ha.yml /etc/ansible/playbooks/movius/test_160/after_upgrade/nano/ha.yml", 
                "_uses_shell": false, 
                "chdir": "/etc/ansible/playbooks/", 
                "creates": null, 
                "executable": null, 
                "removes": null, 
                "stdin": null, 
                "warn": true
            }
        }, 
        "item": "nano", 
        "rc": 0, 
        "start": "2018-10-05 05:10:00.548727", 
        "stderr": "", 
        "stderr_lines": [], 
        "stdout": "", 
        "stdout_lines": []
    }
]