[
    {
        "_ansible_ignore_errors": null, 
        "_ansible_item_result": true, 
        "_ansible_no_log": false, 
        "_ansible_parsed": true, 
        "changed": false, 
        "cmd": [
            "diff", 
            "/etc/ansible/playbooks/master/vap/lvs.cf", 
            "/etc/ansible/playbooks/uk3/vap/vap2/lvs.cf"
        ], 
        "delta": "0:00:00.001966", 
        "end": "2018-09-18 03:00:14.823036", 
        "failed": false, 
        "failed_when_result": false, 
        "invocation": {
            "module_args": {
                "_raw_params": "diff /etc/ansible/playbooks/master/vap/lvs.cf /etc/ansible/playbooks/uk3/vap/vap2/lvs.cf", 
                "_uses_shell": false, 
                "chdir": "/etc/ansible/playbooks/", 
                "creates": null, 
                "executable": null, 
                "removes": null, 
                "stdin": null, 
                "warn": true
            }
        }, 
        "item": "vap2", 
        "rc": 0, 
        "start": "2018-09-18 03:00:14.821070", 
        "stderr": "", 
        "stderr_lines": [], 
        "stdout": "", 
        "stdout_lines": []
    }, 
    {
        "_ansible_ignore_errors": null, 
        "_ansible_item_result": true, 
        "_ansible_no_log": false, 
        "_ansible_parsed": true, 
        "changed": false, 
        "cmd": [
            "diff", 
            "/etc/ansible/playbooks/master/vap/lvs.cf", 
            "/etc/ansible/playbooks/uk3/vap/vap1/lvs.cf"
        ], 
        "delta": "0:00:00.001742", 
        "end": "2018-09-18 03:00:15.074531", 
        "failed": false, 
        "failed_when_result": false, 
        "invocation": {
            "module_args": {
                "_raw_params": "diff /etc/ansible/playbooks/master/vap/lvs.cf /etc/ansible/playbooks/uk3/vap/vap1/lvs.cf", 
                "_uses_shell": false, 
                "chdir": "/etc/ansible/playbooks/", 
                "creates": null, 
                "executable": null, 
                "removes": null, 
                "stdin": null, 
                "warn": true
            }
        }, 
        "item": "vap1", 
        "rc": 0, 
        "start": "2018-09-18 03:00:15.072789", 
        "stderr": "", 
        "stderr_lines": [], 
        "stdout": "", 
        "stdout_lines": []
    }
]