[
    {
        "_ansible_ignore_errors": null, 
        "_ansible_item_result": true, 
        "_ansible_no_log": false, 
        "_ansible_parsed": true, 
        "changed": false, 
        "cmd": [
            "diff", 
            "/etc/ansible/playbooks/master/vap/mmail.conf", 
            "/etc/ansible/playbooks/uk3/vap/vap2/mmail.conf"
        ], 
        "delta": "0:00:00.001814", 
        "end": "2018-09-20 07:57:01.784555", 
        "failed": false, 
        "failed_when_result": false, 
        "invocation": {
            "module_args": {
                "_raw_params": "diff /etc/ansible/playbooks/master/vap/mmail.conf /etc/ansible/playbooks/uk3/vap/vap2/mmail.conf", 
                "_uses_shell": false, 
                "chdir": "/etc/ansible/playbooks/", 
                "creates": null, 
                "executable": null, 
                "removes": null, 
                "stdin": null, 
                "warn": true
            }
        }, 
        "item": "vap2", 
        "rc": 0, 
        "start": "2018-09-20 07:57:01.782741", 
        "stderr": "", 
        "stderr_lines": [], 
        "stdout": "", 
        "stdout_lines": []
    }, 
    {
        "_ansible_ignore_errors": null, 
        "_ansible_item_result": true, 
        "_ansible_no_log": false, 
        "_ansible_parsed": true, 
        "changed": false, 
        "cmd": [
            "diff", 
            "/etc/ansible/playbooks/master/vap/mmail.conf", 
            "/etc/ansible/playbooks/uk3/vap/vap1/mmail.conf"
        ], 
        "delta": "0:00:00.001609", 
        "end": "2018-09-20 07:57:02.023349", 
        "failed": false, 
        "failed_when_result": false, 
        "invocation": {
            "module_args": {
                "_raw_params": "diff /etc/ansible/playbooks/master/vap/mmail.conf /etc/ansible/playbooks/uk3/vap/vap1/mmail.conf", 
                "_uses_shell": false, 
                "chdir": "/etc/ansible/playbooks/", 
                "creates": null, 
                "executable": null, 
                "removes": null, 
                "stdin": null, 
                "warn": true
            }
        }, 
        "item": "vap1", 
        "rc": 0, 
        "start": "2018-09-20 07:57:02.021740", 
        "stderr": "", 
        "stderr_lines": [], 
        "stdout": "", 
        "stdout_lines": []
    }
]