[
    {
        "_ansible_ignore_errors": null, 
        "_ansible_item_result": true, 
        "_ansible_no_log": false, 
        "_ansible_parsed": true, 
        "changed": false, 
        "cmd": [
            "diff", 
            "/etc/ansible/playbooks/master/vap/pgbouncer.ini", 
            "/etc/ansible/playbooks/uk3/vap/vap2/pgbouncer.ini"
        ], 
        "delta": "0:00:00.002035", 
        "end": "2018-09-18 03:02:48.211239", 
        "failed": false, 
        "failed_when_result": false, 
        "invocation": {
            "module_args": {
                "_raw_params": "diff /etc/ansible/playbooks/master/vap/pgbouncer.ini /etc/ansible/playbooks/uk3/vap/vap2/pgbouncer.ini", 
                "_uses_shell": false, 
                "chdir": "/etc/ansible/playbooks/", 
                "creates": null, 
                "executable": null, 
                "removes": null, 
                "stdin": null, 
                "warn": true
            }
        }, 
        "item": "vap2", 
        "rc": 0, 
        "start": "2018-09-18 03:02:48.209204", 
        "stderr": "", 
        "stderr_lines": [], 
        "stdout": "", 
        "stdout_lines": []
    }, 
    {
        "_ansible_ignore_errors": null, 
        "_ansible_item_result": true, 
        "_ansible_no_log": false, 
        "_ansible_parsed": true, 
        "changed": false, 
        "cmd": [
            "diff", 
            "/etc/ansible/playbooks/master/vap/pgbouncer.ini", 
            "/etc/ansible/playbooks/uk3/vap/vap1/pgbouncer.ini"
        ], 
        "delta": "0:00:00.001664", 
        "end": "2018-09-18 03:02:48.460802", 
        "failed": false, 
        "failed_when_result": false, 
        "invocation": {
            "module_args": {
                "_raw_params": "diff /etc/ansible/playbooks/master/vap/pgbouncer.ini /etc/ansible/playbooks/uk3/vap/vap1/pgbouncer.ini", 
                "_uses_shell": false, 
                "chdir": "/etc/ansible/playbooks/", 
                "creates": null, 
                "executable": null, 
                "removes": null, 
                "stdin": null, 
                "warn": true
            }
        }, 
        "item": "vap1", 
        "rc": 0, 
        "start": "2018-09-18 03:02:48.459138", 
        "stderr": "", 
        "stderr_lines": [], 
        "stdout": "", 
        "stdout_lines": []
    }
]