[
    {
        "_ansible_ignore_errors": null, 
        "_ansible_item_result": true, 
        "_ansible_no_log": false, 
        "_ansible_parsed": true, 
        "changed": false, 
        "cmd": [
            "diff", 
            "/etc/ansible/playbooks/master/cdr/billing.conf", 
            "/etc/ansible/playbooks/uk3/cdr/cdr2b/billing.conf"
        ], 
        "delta": "0:00:00.001869", 
        "end": "2018-09-12 08:27:48.556450", 
        "failed": false, 
        "failed_when_result": false, 
        "invocation": {
            "module_args": {
                "_raw_params": "diff /etc/ansible/playbooks/master/cdr/billing.conf /etc/ansible/playbooks/uk3/cdr/cdr2b/billing.conf", 
                "_uses_shell": false, 
                "chdir": "/etc/ansible/playbooks/", 
                "creates": null, 
                "executable": null, 
                "removes": null, 
                "stdin": null, 
                "warn": true
            }
        }, 
        "item": "cdr2b", 
        "rc": 0, 
        "start": "2018-09-12 08:27:48.554581", 
        "stderr": "", 
        "stderr_lines": [], 
        "stdout": "", 
        "stdout_lines": []
    }, 
    {
        "_ansible_ignore_errors": null, 
        "_ansible_item_result": true, 
        "_ansible_no_log": false, 
        "_ansible_parsed": true, 
        "changed": false, 
        "cmd": [
            "diff", 
            "/etc/ansible/playbooks/master/cdr/billing.conf", 
            "/etc/ansible/playbooks/uk3/cdr/cdr2a/billing.conf"
        ], 
        "delta": "0:00:00.001624", 
        "end": "2018-09-12 08:27:48.804679", 
        "failed": false, 
        "failed_when_result": false, 
        "invocation": {
            "module_args": {
                "_raw_params": "diff /etc/ansible/playbooks/master/cdr/billing.conf /etc/ansible/playbooks/uk3/cdr/cdr2a/billing.conf", 
                "_uses_shell": false, 
                "chdir": "/etc/ansible/playbooks/", 
                "creates": null, 
                "executable": null, 
                "removes": null, 
                "stdin": null, 
                "warn": true
            }
        }, 
        "item": "cdr2a", 
        "rc": 0, 
        "start": "2018-09-12 08:27:48.803055", 
        "stderr": "", 
        "stderr_lines": [], 
        "stdout": "", 
        "stdout_lines": []
    }, 
    {
        "_ansible_ignore_errors": null, 
        "_ansible_item_result": true, 
        "_ansible_no_log": false, 
        "_ansible_parsed": true, 
        "changed": false, 
        "cmd": [
            "diff", 
            "/etc/ansible/playbooks/master/cdr/billing.conf", 
            "/etc/ansible/playbooks/uk3/cdr/cdr1a/billing.conf"
        ], 
        "delta": "0:00:00.001668", 
        "end": "2018-09-12 08:27:49.032213", 
        "failed": false, 
        "failed_when_result": false, 
        "invocation": {
            "module_args": {
                "_raw_params": "diff /etc/ansible/playbooks/master/cdr/billing.conf /etc/ansible/playbooks/uk3/cdr/cdr1a/billing.conf", 
                "_uses_shell": false, 
                "chdir": "/etc/ansible/playbooks/", 
                "creates": null, 
                "executable": null, 
                "removes": null, 
                "stdin": null, 
                "warn": true
            }
        }, 
        "item": "cdr1a", 
        "rc": 0, 
        "start": "2018-09-12 08:27:49.030545", 
        "stderr": "", 
        "stderr_lines": [], 
        "stdout": "", 
        "stdout_lines": []
    }
]