[
    {
        "_ansible_ignore_errors": null, 
        "_ansible_item_result": true, 
        "_ansible_no_log": false, 
        "_ansible_parsed": true, 
        "changed": true, 
        "cmd": [
            "diff", 
            "/etc/ansible/playbooks/master/cdr/etl.conf", 
            "/etc/ansible/playbooks/uk3/cdr/cdr2b/etl.conf"
        ], 
        "delta": "0:00:00.001862", 
        "end": "2018-09-12 06:31:31.833571", 
        "failed": false, 
        "failed_when_result": false, 
        "invocation": {
            "module_args": {
                "_raw_params": "diff /etc/ansible/playbooks/master/cdr/etl.conf /etc/ansible/playbooks/uk3/cdr/cdr2b/etl.conf", 
                "_uses_shell": false, 
                "chdir": "/etc/ansible/playbooks/", 
                "creates": null, 
                "executable": null, 
                "removes": null, 
                "stdin": null, 
                "warn": true
            }
        }, 
        "item": "cdr2b", 
        "msg": "non-zero return code", 
        "rc": 1, 
        "start": "2018-09-12 06:31:31.831709", 
        "stderr": "", 
        "stderr_lines": [], 
        "stdout": "21c21\n< vanish_after = \"30d\"\n---\n> vanish_after = \"14d\"\n27,29c27,29\n< cdr_offload = \"filter\"\n< cdr_offload_host = \"52.55.22.242\"\n< cdr_offload_user = \"movius\"\n---\n> cdr_offload = \"retrieve\"\n> cdr_offload_host = \"disabled\"\n> cdr_offload_user = \"anScpUser\"\n31,33c31,33\n< cdr_offload_password = \"b1111ngserver\"\n< cdr_offload_remote_dir = \"/movius/mediation/91\"\n< cdr_archive_enabled = \"true\"\n---\n> cdr_offload_password = \"anScpUsersPassword\"\n> cdr_offload_remote_dir = \"/aFullPathToTheRawCdrStorageDirectory\"\n> cdr_archive_enabled = \"false\"\n51c51\n< mas_provider = \"10.165.46.10:8000\"\n---\n> mas_provider = \"10.165.46.40:8000\"", 
        "stdout_lines": [
            "21c21", 
            "< vanish_after = \"30d\"", 
            "---", 
            "> vanish_after = \"14d\"", 
            "27,29c27,29", 
            "< cdr_offload = \"filter\"", 
            "< cdr_offload_host = \"52.55.22.242\"", 
            "< cdr_offload_user = \"movius\"", 
            "---", 
            "> cdr_offload = \"retrieve\"", 
            "> cdr_offload_host = \"disabled\"", 
            "> cdr_offload_user = \"anScpUser\"", 
            "31,33c31,33", 
            "< cdr_offload_password = \"b1111ngserver\"", 
            "< cdr_offload_remote_dir = \"/movius/mediation/91\"", 
            "< cdr_archive_enabled = \"true\"", 
            "---", 
            "> cdr_offload_password = \"anScpUsersPassword\"", 
            "> cdr_offload_remote_dir = \"/aFullPathToTheRawCdrStorageDirectory\"", 
            "> cdr_archive_enabled = \"false\"", 
            "51c51", 
            "< mas_provider = \"10.165.46.10:8000\"", 
            "---", 
            "> mas_provider = \"10.165.46.40:8000\""
        ]
    }, 
    {
        "_ansible_ignore_errors": null, 
        "_ansible_item_result": true, 
        "_ansible_no_log": false, 
        "_ansible_parsed": true, 
        "changed": true, 
        "cmd": [
            "diff", 
            "/etc/ansible/playbooks/master/cdr/etl.conf", 
            "/etc/ansible/playbooks/uk3/cdr/cdr2a/etl.conf"
        ], 
        "delta": "0:00:00.001694", 
        "end": "2018-09-12 06:31:32.077647", 
        "failed": false, 
        "failed_when_result": false, 
        "invocation": {
            "module_args": {
                "_raw_params": "diff /etc/ansible/playbooks/master/cdr/etl.conf /etc/ansible/playbooks/uk3/cdr/cdr2a/etl.conf", 
                "_uses_shell": false, 
                "chdir": "/etc/ansible/playbooks/", 
                "creates": null, 
                "executable": null, 
                "removes": null, 
                "stdin": null, 
                "warn": true
            }
        }, 
        "item": "cdr2a", 
        "msg": "non-zero return code", 
        "rc": 1, 
        "start": "2018-09-12 06:31:32.075953", 
        "stderr": "", 
        "stderr_lines": [], 
        "stdout": "21c21\n< vanish_after = \"30d\"\n---\n> vanish_after = \"14d\"\n27,29c27,29\n< cdr_offload = \"filter\"\n< cdr_offload_host = \"52.55.22.242\"\n< cdr_offload_user = \"movius\"\n---\n> cdr_offload = \"retrieve\"\n> cdr_offload_host = \"disabled\"\n> cdr_offload_user = \"anScpUser\"\n31,33c31,33\n< cdr_offload_password = \"b1111ngserver\"\n< cdr_offload_remote_dir = \"/movius/mediation/91\"\n< cdr_archive_enabled = \"true\"\n---\n> cdr_offload_password = \"anScpUsersPassword\"\n> cdr_offload_remote_dir = \"/aFullPathToTheRawCdrStorageDirectory\"\n> cdr_archive_enabled = \"false\"\n51c51\n< mas_provider = \"10.165.46.10:8000\"\n---\n> mas_provider = \"10.165.46.40:8000\"", 
        "stdout_lines": [
            "21c21", 
            "< vanish_after = \"30d\"", 
            "---", 
            "> vanish_after = \"14d\"", 
            "27,29c27,29", 
            "< cdr_offload = \"filter\"", 
            "< cdr_offload_host = \"52.55.22.242\"", 
            "< cdr_offload_user = \"movius\"", 
            "---", 
            "> cdr_offload = \"retrieve\"", 
            "> cdr_offload_host = \"disabled\"", 
            "> cdr_offload_user = \"anScpUser\"", 
            "31,33c31,33", 
            "< cdr_offload_password = \"b1111ngserver\"", 
            "< cdr_offload_remote_dir = \"/movius/mediation/91\"", 
            "< cdr_archive_enabled = \"true\"", 
            "---", 
            "> cdr_offload_password = \"anScpUsersPassword\"", 
            "> cdr_offload_remote_dir = \"/aFullPathToTheRawCdrStorageDirectory\"", 
            "> cdr_archive_enabled = \"false\"", 
            "51c51", 
            "< mas_provider = \"10.165.46.10:8000\"", 
            "---", 
            "> mas_provider = \"10.165.46.40:8000\""
        ]
    }, 
    {
        "_ansible_ignore_errors": null, 
        "_ansible_item_result": true, 
        "_ansible_no_log": false, 
        "_ansible_parsed": true, 
        "changed": true, 
        "cmd": [
            "diff", 
            "/etc/ansible/playbooks/master/cdr/etl.conf", 
            "/etc/ansible/playbooks/uk3/cdr/cdr1a/etl.conf"
        ], 
        "delta": "0:00:00.001679", 
        "end": "2018-09-12 06:31:32.299556", 
        "failed": false, 
        "failed_when_result": false, 
        "invocation": {
            "module_args": {
                "_raw_params": "diff /etc/ansible/playbooks/master/cdr/etl.conf /etc/ansible/playbooks/uk3/cdr/cdr1a/etl.conf", 
                "_uses_shell": false, 
                "chdir": "/etc/ansible/playbooks/", 
                "creates": null, 
                "executable": null, 
                "removes": null, 
                "stdin": null, 
                "warn": true
            }
        }, 
        "item": "cdr1a", 
        "msg": "non-zero return code", 
        "rc": 1, 
        "start": "2018-09-12 06:31:32.297877", 
        "stderr": "", 
        "stderr_lines": [], 
        "stdout": "21c21\n< vanish_after = \"30d\"\n---\n> vanish_after = \"14d\"\n27,29c27,29\n< cdr_offload = \"filter\"\n< cdr_offload_host = \"52.55.22.242\"\n< cdr_offload_user = \"movius\"\n---\n> cdr_offload = \"retrieve\"\n> cdr_offload_host = \"disabled\"\n> cdr_offload_user = \"anScpUser\"\n31,33c31,33\n< cdr_offload_password = \"b1111ngserver\"\n< cdr_offload_remote_dir = \"/movius/mediation/91\"\n< cdr_archive_enabled = \"true\"\n---\n> cdr_offload_password = \"anScpUsersPassword\"\n> cdr_offload_remote_dir = \"/aFullPathToTheRawCdrStorageDirectory\"\n> cdr_archive_enabled = \"false\"\n51c51\n< mas_provider = \"10.165.46.10:8000\"\n---\n> mas_provider = \"10.165.46.40:8000\"", 
        "stdout_lines": [
            "21c21", 
            "< vanish_after = \"30d\"", 
            "---", 
            "> vanish_after = \"14d\"", 
            "27,29c27,29", 
            "< cdr_offload = \"filter\"", 
            "< cdr_offload_host = \"52.55.22.242\"", 
            "< cdr_offload_user = \"movius\"", 
            "---", 
            "> cdr_offload = \"retrieve\"", 
            "> cdr_offload_host = \"disabled\"", 
            "> cdr_offload_user = \"anScpUser\"", 
            "31,33c31,33", 
            "< cdr_offload_password = \"b1111ngserver\"", 
            "< cdr_offload_remote_dir = \"/movius/mediation/91\"", 
            "< cdr_archive_enabled = \"true\"", 
            "---", 
            "> cdr_offload_password = \"anScpUsersPassword\"", 
            "> cdr_offload_remote_dir = \"/aFullPathToTheRawCdrStorageDirectory\"", 
            "> cdr_archive_enabled = \"false\"", 
            "51c51", 
            "< mas_provider = \"10.165.46.10:8000\"", 
            "---", 
            "> mas_provider = \"10.165.46.40:8000\""
        ]
    }
]