[
    {
        "_ansible_ignore_errors": null, 
        "_ansible_item_result": true, 
        "_ansible_no_log": false, 
        "_ansible_parsed": true, 
        "changed": false, 
        "cmd": [
            "diff", 
            "/etc/ansible/playbooks/master/cdr/etl.conf", 
            "/etc/ansible/playbooks/uk3/cdr/cdr2b/etl.conf"
        ], 
        "delta": "0:00:00.001764", 
        "end": "2018-09-25 03:15:05.565743", 
        "failed": false, 
        "failed_when_result": false, 
        "invocation": {
            "module_args": {
                "_raw_params": "diff /etc/ansible/playbooks/master/cdr/etl.conf /etc/ansible/playbooks/uk3/cdr/cdr2b/etl.conf", 
                "_uses_shell": false, 
                "chdir": "/etc/ansible/playbooks/", 
                "creates": null, 
                "executable": null, 
                "removes": null, 
                "stdin": null, 
                "warn": true
            }
        }, 
        "item": "cdr2b", 
        "rc": 0, 
        "start": "2018-09-25 03:15:05.563979", 
        "stderr": "", 
        "stderr_lines": [], 
        "stdout": "", 
        "stdout_lines": []
    }, 
    {
        "_ansible_ignore_errors": null, 
        "_ansible_item_result": true, 
        "_ansible_no_log": false, 
        "_ansible_parsed": true, 
        "changed": false, 
        "cmd": [
            "diff", 
            "/etc/ansible/playbooks/master/cdr/etl.conf", 
            "/etc/ansible/playbooks/uk3/cdr/cdr2a/etl.conf"
        ], 
        "delta": "0:00:00.001610", 
        "end": "2018-09-25 03:15:05.790816", 
        "failed": false, 
        "failed_when_result": false, 
        "invocation": {
            "module_args": {
                "_raw_params": "diff /etc/ansible/playbooks/master/cdr/etl.conf /etc/ansible/playbooks/uk3/cdr/cdr2a/etl.conf", 
                "_uses_shell": false, 
                "chdir": "/etc/ansible/playbooks/", 
                "creates": null, 
                "executable": null, 
                "removes": null, 
                "stdin": null, 
                "warn": true
            }
        }, 
        "item": "cdr2a", 
        "rc": 0, 
        "start": "2018-09-25 03:15:05.789206", 
        "stderr": "", 
        "stderr_lines": [], 
        "stdout": "", 
        "stdout_lines": []
    }, 
    {
        "_ansible_ignore_errors": null, 
        "_ansible_item_result": true, 
        "_ansible_no_log": false, 
        "_ansible_parsed": true, 
        "changed": false, 
        "cmd": [
            "diff", 
            "/etc/ansible/playbooks/master/cdr/etl.conf", 
            "/etc/ansible/playbooks/uk3/cdr/cdr1a/etl.conf"
        ], 
        "delta": "0:00:00.001601", 
        "end": "2018-09-25 03:15:06.014163", 
        "failed": false, 
        "failed_when_result": false, 
        "invocation": {
            "module_args": {
                "_raw_params": "diff /etc/ansible/playbooks/master/cdr/etl.conf /etc/ansible/playbooks/uk3/cdr/cdr1a/etl.conf", 
                "_uses_shell": false, 
                "chdir": "/etc/ansible/playbooks/", 
                "creates": null, 
                "executable": null, 
                "removes": null, 
                "stdin": null, 
                "warn": true
            }
        }, 
        "item": "cdr1a", 
        "rc": 0, 
        "start": "2018-09-25 03:15:06.012562", 
        "stderr": "", 
        "stderr_lines": [], 
        "stdout": "", 
        "stdout_lines": []
    }
]