[
    {
        "_ansible_ignore_errors": null, 
        "_ansible_item_result": true, 
        "_ansible_no_log": false, 
        "_ansible_parsed": true, 
        "changed": true, 
        "cmd": [
            "diff", 
            "/etc/ansible/playbooks/master/cdr/ha.yml", 
            "/etc/ansible/playbooks/uk3/cdr/cdr2b/ha.yml"
        ], 
        "delta": "0:00:00.001742", 
        "end": "2018-09-12 08:32:00.120212", 
        "failed": false, 
        "failed_when_result": false, 
        "invocation": {
            "module_args": {
                "_raw_params": "diff /etc/ansible/playbooks/master/cdr/ha.yml /etc/ansible/playbooks/uk3/cdr/cdr2b/ha.yml", 
                "_uses_shell": false, 
                "chdir": "/etc/ansible/playbooks/", 
                "creates": null, 
                "executable": null, 
                "removes": null, 
                "stdin": null, 
                "warn": true
            }
        }, 
        "item": "cdr2b", 
        "msg": "non-zero return code", 
        "rc": 1, 
        "start": "2018-09-12 08:32:00.118470", 
        "stderr": "", 
        "stderr_lines": [], 
        "stdout": "5,6c5,6\n<  hapeer: 10.165.46.52\n<  virtualip: 10.165.46.50\n---\n>  hapeer: 0.0.0.0\n>  virtualip: 10.165.46.40\n15a16\n>  service: name=sysdMonitor,priority=2,synchronous=0,alwaysstart=1\n18a20\n>  service: name=pgsql-sms,priority=2,synchronous=0\n27,28c29,30\n<  service: name=mbuni,priority=2,synchronous=0\n<  service: name=clamav,priority=2,synchronous=0,unused=1\n---\n> # service: name=mbuni,priority=2,synchronous=0\n> # service: name=clamav,priority=2,synchronous=0,unused=1\n31,35c33,36\n<  service: name=pgsql-cdr,priority=2,synchronous=1\n<  service: name=tomcat,priority=2,synchronous=1,maxwait=400\n<  service: name=opennms,priority=2,synchronous=1\n<  service: name=etlcycle,priority=2,synchronous=0\n<  service: name=sysdMonitor,priority=2,synchronous=0,alwaysstart=1\n---\n> #  service: name=pgsql-cdr,priority=2,synchronous=1\n> # service: name=tomcat,priority=2,synchronous=1,maxwait=400\n> # service: name=opennms,priority=2,synchronous=1\n> # service: name=etlcycle,priority=2,synchronous=0\n37,40c38\n<  #service: name=set-falcon-debug,priority=5,synchronous=1,alwaysstart=1,arg1=0\n<  service: name=pgsql-sms,priority=2,synchronous=0\n< \n< \n---\n> #service: name=set-falcon-debug,priority=5,synchronous=1,alwaysstart=1,arg1=0", 
        "stdout_lines": [
            "5,6c5,6", 
            "<  hapeer: 10.165.46.52", 
            "<  virtualip: 10.165.46.50", 
            "---", 
            ">  hapeer: 0.0.0.0", 
            ">  virtualip: 10.165.46.40", 
            "15a16", 
            ">  service: name=sysdMonitor,priority=2,synchronous=0,alwaysstart=1", 
            "18a20", 
            ">  service: name=pgsql-sms,priority=2,synchronous=0", 
            "27,28c29,30", 
            "<  service: name=mbuni,priority=2,synchronous=0", 
            "<  service: name=clamav,priority=2,synchronous=0,unused=1", 
            "---", 
            "> # service: name=mbuni,priority=2,synchronous=0", 
            "> # service: name=clamav,priority=2,synchronous=0,unused=1", 
            "31,35c33,36", 
            "<  service: name=pgsql-cdr,priority=2,synchronous=1", 
            "<  service: name=tomcat,priority=2,synchronous=1,maxwait=400", 
            "<  service: name=opennms,priority=2,synchronous=1", 
            "<  service: name=etlcycle,priority=2,synchronous=0", 
            "<  service: name=sysdMonitor,priority=2,synchronous=0,alwaysstart=1", 
            "---", 
            "> #  service: name=pgsql-cdr,priority=2,synchronous=1", 
            "> # service: name=tomcat,priority=2,synchronous=1,maxwait=400", 
            "> # service: name=opennms,priority=2,synchronous=1", 
            "> # service: name=etlcycle,priority=2,synchronous=0", 
            "37,40c38", 
            "<  #service: name=set-falcon-debug,priority=5,synchronous=1,alwaysstart=1,arg1=0", 
            "<  service: name=pgsql-sms,priority=2,synchronous=0", 
            "< ", 
            "< ", 
            "---", 
            "> #service: name=set-falcon-debug,priority=5,synchronous=1,alwaysstart=1,arg1=0"
        ]
    }, 
    {
        "_ansible_ignore_errors": null, 
        "_ansible_item_result": true, 
        "_ansible_no_log": false, 
        "_ansible_parsed": true, 
        "changed": true, 
        "cmd": [
            "diff", 
            "/etc/ansible/playbooks/master/cdr/ha.yml", 
            "/etc/ansible/playbooks/uk3/cdr/cdr2a/ha.yml"
        ], 
        "delta": "0:00:00.001741", 
        "end": "2018-09-12 08:32:00.373078", 
        "failed": false, 
        "failed_when_result": false, 
        "invocation": {
            "module_args": {
                "_raw_params": "diff /etc/ansible/playbooks/master/cdr/ha.yml /etc/ansible/playbooks/uk3/cdr/cdr2a/ha.yml", 
                "_uses_shell": false, 
                "chdir": "/etc/ansible/playbooks/", 
                "creates": null, 
                "executable": null, 
                "removes": null, 
                "stdin": null, 
                "warn": true
            }
        }, 
        "item": "cdr2a", 
        "msg": "non-zero return code", 
        "rc": 1, 
        "start": "2018-09-12 08:32:00.371337", 
        "stderr": "", 
        "stderr_lines": [], 
        "stdout": "5,6c5,6\n<  hapeer: 10.165.46.52\n<  virtualip: 10.165.46.50\n---\n>  hapeer: 0.0.0.0\n>  virtualip: 10.165.46.40\n15a16\n>  service: name=sysdMonitor,priority=2,synchronous=0,alwaysstart=1\n18a20\n>  service: name=pgsql-sms,priority=2,synchronous=0\n27,28c29,30\n<  service: name=mbuni,priority=2,synchronous=0\n<  service: name=clamav,priority=2,synchronous=0,unused=1\n---\n> # service: name=mbuni,priority=2,synchronous=0\n> # service: name=clamav,priority=2,synchronous=0,unused=1\n31,35c33,36\n<  service: name=pgsql-cdr,priority=2,synchronous=1\n<  service: name=tomcat,priority=2,synchronous=1,maxwait=400\n<  service: name=opennms,priority=2,synchronous=1\n<  service: name=etlcycle,priority=2,synchronous=0\n<  service: name=sysdMonitor,priority=2,synchronous=0,alwaysstart=1\n---\n> #  service: name=pgsql-cdr,priority=2,synchronous=1\n> # service: name=tomcat,priority=2,synchronous=1,maxwait=400\n> # service: name=opennms,priority=2,synchronous=1\n> # service: name=etlcycle,priority=2,synchronous=0\n37,40c38\n<  #service: name=set-falcon-debug,priority=5,synchronous=1,alwaysstart=1,arg1=0\n<  service: name=pgsql-sms,priority=2,synchronous=0\n< \n< \n---\n> #service: name=set-falcon-debug,priority=5,synchronous=1,alwaysstart=1,arg1=0", 
        "stdout_lines": [
            "5,6c5,6", 
            "<  hapeer: 10.165.46.52", 
            "<  virtualip: 10.165.46.50", 
            "---", 
            ">  hapeer: 0.0.0.0", 
            ">  virtualip: 10.165.46.40", 
            "15a16", 
            ">  service: name=sysdMonitor,priority=2,synchronous=0,alwaysstart=1", 
            "18a20", 
            ">  service: name=pgsql-sms,priority=2,synchronous=0", 
            "27,28c29,30", 
            "<  service: name=mbuni,priority=2,synchronous=0", 
            "<  service: name=clamav,priority=2,synchronous=0,unused=1", 
            "---", 
            "> # service: name=mbuni,priority=2,synchronous=0", 
            "> # service: name=clamav,priority=2,synchronous=0,unused=1", 
            "31,35c33,36", 
            "<  service: name=pgsql-cdr,priority=2,synchronous=1", 
            "<  service: name=tomcat,priority=2,synchronous=1,maxwait=400", 
            "<  service: name=opennms,priority=2,synchronous=1", 
            "<  service: name=etlcycle,priority=2,synchronous=0", 
            "<  service: name=sysdMonitor,priority=2,synchronous=0,alwaysstart=1", 
            "---", 
            "> #  service: name=pgsql-cdr,priority=2,synchronous=1", 
            "> # service: name=tomcat,priority=2,synchronous=1,maxwait=400", 
            "> # service: name=opennms,priority=2,synchronous=1", 
            "> # service: name=etlcycle,priority=2,synchronous=0", 
            "37,40c38", 
            "<  #service: name=set-falcon-debug,priority=5,synchronous=1,alwaysstart=1,arg1=0", 
            "<  service: name=pgsql-sms,priority=2,synchronous=0", 
            "< ", 
            "< ", 
            "---", 
            "> #service: name=set-falcon-debug,priority=5,synchronous=1,alwaysstart=1,arg1=0"
        ]
    }, 
    {
        "_ansible_ignore_errors": null, 
        "_ansible_item_result": true, 
        "_ansible_no_log": false, 
        "_ansible_parsed": true, 
        "changed": true, 
        "cmd": [
            "diff", 
            "/etc/ansible/playbooks/master/cdr/ha.yml", 
            "/etc/ansible/playbooks/uk3/cdr/cdr1a/ha.yml"
        ], 
        "delta": "0:00:00.001796", 
        "end": "2018-09-12 08:32:00.604687", 
        "failed": false, 
        "failed_when_result": false, 
        "invocation": {
            "module_args": {
                "_raw_params": "diff /etc/ansible/playbooks/master/cdr/ha.yml /etc/ansible/playbooks/uk3/cdr/cdr1a/ha.yml", 
                "_uses_shell": false, 
                "chdir": "/etc/ansible/playbooks/", 
                "creates": null, 
                "executable": null, 
                "removes": null, 
                "stdin": null, 
                "warn": true
            }
        }, 
        "item": "cdr1a", 
        "msg": "non-zero return code", 
        "rc": 1, 
        "start": "2018-09-12 08:32:00.602891", 
        "stderr": "", 
        "stderr_lines": [], 
        "stdout": "5,6c5,6\n<  hapeer: 10.165.46.52\n<  virtualip: 10.165.46.50\n---\n>  hapeer: 0.0.0.0\n>  virtualip: 10.165.46.40\n15a16\n>  service: name=sysdMonitor,priority=2,synchronous=0,alwaysstart=1\n18a20\n>  service: name=pgsql-sms,priority=2,synchronous=0\n27,28c29,30\n<  service: name=mbuni,priority=2,synchronous=0\n<  service: name=clamav,priority=2,synchronous=0,unused=1\n---\n> # service: name=mbuni,priority=2,synchronous=0\n> # service: name=clamav,priority=2,synchronous=0,unused=1\n31,35c33,36\n<  service: name=pgsql-cdr,priority=2,synchronous=1\n<  service: name=tomcat,priority=2,synchronous=1,maxwait=400\n<  service: name=opennms,priority=2,synchronous=1\n<  service: name=etlcycle,priority=2,synchronous=0\n<  service: name=sysdMonitor,priority=2,synchronous=0,alwaysstart=1\n---\n> #  service: name=pgsql-cdr,priority=2,synchronous=1\n> # service: name=tomcat,priority=2,synchronous=1,maxwait=400\n> # service: name=opennms,priority=2,synchronous=1\n> # service: name=etlcycle,priority=2,synchronous=0\n37,40c38\n<  #service: name=set-falcon-debug,priority=5,synchronous=1,alwaysstart=1,arg1=0\n<  service: name=pgsql-sms,priority=2,synchronous=0\n< \n< \n---\n> #service: name=set-falcon-debug,priority=5,synchronous=1,alwaysstart=1,arg1=0", 
        "stdout_lines": [
            "5,6c5,6", 
            "<  hapeer: 10.165.46.52", 
            "<  virtualip: 10.165.46.50", 
            "---", 
            ">  hapeer: 0.0.0.0", 
            ">  virtualip: 10.165.46.40", 
            "15a16", 
            ">  service: name=sysdMonitor,priority=2,synchronous=0,alwaysstart=1", 
            "18a20", 
            ">  service: name=pgsql-sms,priority=2,synchronous=0", 
            "27,28c29,30", 
            "<  service: name=mbuni,priority=2,synchronous=0", 
            "<  service: name=clamav,priority=2,synchronous=0,unused=1", 
            "---", 
            "> # service: name=mbuni,priority=2,synchronous=0", 
            "> # service: name=clamav,priority=2,synchronous=0,unused=1", 
            "31,35c33,36", 
            "<  service: name=pgsql-cdr,priority=2,synchronous=1", 
            "<  service: name=tomcat,priority=2,synchronous=1,maxwait=400", 
            "<  service: name=opennms,priority=2,synchronous=1", 
            "<  service: name=etlcycle,priority=2,synchronous=0", 
            "<  service: name=sysdMonitor,priority=2,synchronous=0,alwaysstart=1", 
            "---", 
            "> #  service: name=pgsql-cdr,priority=2,synchronous=1", 
            "> # service: name=tomcat,priority=2,synchronous=1,maxwait=400", 
            "> # service: name=opennms,priority=2,synchronous=1", 
            "> # service: name=etlcycle,priority=2,synchronous=0", 
            "37,40c38", 
            "<  #service: name=set-falcon-debug,priority=5,synchronous=1,alwaysstart=1,arg1=0", 
            "<  service: name=pgsql-sms,priority=2,synchronous=0", 
            "< ", 
            "< ", 
            "---", 
            "> #service: name=set-falcon-debug,priority=5,synchronous=1,alwaysstart=1,arg1=0"
        ]
    }
]