[
    {
        "_ansible_ignore_errors": null, 
        "_ansible_item_result": true, 
        "_ansible_no_log": false, 
        "_ansible_parsed": true, 
        "changed": false, 
        "cmd": [
            "diff", 
            "/etc/ansible/playbooks/master/cdr/ha.yml", 
            "/etc/ansible/playbooks/uk3/cdr/cdr2b/ha.yml"
        ], 
        "delta": "0:00:00.002091", 
        "end": "2018-09-25 03:19:56.269466", 
        "failed": false, 
        "failed_when_result": false, 
        "invocation": {
            "module_args": {
                "_raw_params": "diff /etc/ansible/playbooks/master/cdr/ha.yml /etc/ansible/playbooks/uk3/cdr/cdr2b/ha.yml", 
                "_uses_shell": false, 
                "chdir": "/etc/ansible/playbooks/", 
                "creates": null, 
                "executable": null, 
                "removes": null, 
                "stdin": null, 
                "warn": true
            }
        }, 
        "item": "cdr2b", 
        "rc": 0, 
        "start": "2018-09-25 03:19:56.267375", 
        "stderr": "", 
        "stderr_lines": [], 
        "stdout": "", 
        "stdout_lines": []
    }, 
    {
        "_ansible_ignore_errors": null, 
        "_ansible_item_result": true, 
        "_ansible_no_log": false, 
        "_ansible_parsed": true, 
        "changed": false, 
        "cmd": [
            "diff", 
            "/etc/ansible/playbooks/master/cdr/ha.yml", 
            "/etc/ansible/playbooks/uk3/cdr/cdr2a/ha.yml"
        ], 
        "delta": "0:00:00.001597", 
        "end": "2018-09-25 03:19:56.520235", 
        "failed": false, 
        "failed_when_result": false, 
        "invocation": {
            "module_args": {
                "_raw_params": "diff /etc/ansible/playbooks/master/cdr/ha.yml /etc/ansible/playbooks/uk3/cdr/cdr2a/ha.yml", 
                "_uses_shell": false, 
                "chdir": "/etc/ansible/playbooks/", 
                "creates": null, 
                "executable": null, 
                "removes": null, 
                "stdin": null, 
                "warn": true
            }
        }, 
        "item": "cdr2a", 
        "rc": 0, 
        "start": "2018-09-25 03:19:56.518638", 
        "stderr": "", 
        "stderr_lines": [], 
        "stdout": "", 
        "stdout_lines": []
    }, 
    {
        "_ansible_ignore_errors": null, 
        "_ansible_item_result": true, 
        "_ansible_no_log": false, 
        "_ansible_parsed": true, 
        "changed": false, 
        "cmd": [
            "diff", 
            "/etc/ansible/playbooks/master/cdr/ha.yml", 
            "/etc/ansible/playbooks/uk3/cdr/cdr1a/ha.yml"
        ], 
        "delta": "0:00:00.001803", 
        "end": "2018-09-25 03:19:56.752402", 
        "failed": false, 
        "failed_when_result": false, 
        "invocation": {
            "module_args": {
                "_raw_params": "diff /etc/ansible/playbooks/master/cdr/ha.yml /etc/ansible/playbooks/uk3/cdr/cdr1a/ha.yml", 
                "_uses_shell": false, 
                "chdir": "/etc/ansible/playbooks/", 
                "creates": null, 
                "executable": null, 
                "removes": null, 
                "stdin": null, 
                "warn": true
            }
        }, 
        "item": "cdr1a", 
        "rc": 0, 
        "start": "2018-09-25 03:19:56.750599", 
        "stderr": "", 
        "stderr_lines": [], 
        "stdout": "", 
        "stdout_lines": []
    }
]