[
    {
        "_ansible_ignore_errors": null, 
        "_ansible_item_result": true, 
        "_ansible_no_log": false, 
        "_ansible_parsed": true, 
        "changed": true, 
        "cmd": [
            "diff", 
            "/etc/ansible/playbooks/master/cdr/sms.conf", 
            "/etc/ansible/playbooks/uk3/cdr/cdr2b/sms.conf"
        ], 
        "delta": "0:00:00.126094", 
        "end": "2018-09-12 06:56:37.974651", 
        "failed": false, 
        "failed_when_result": false, 
        "invocation": {
            "module_args": {
                "_raw_params": "diff /etc/ansible/playbooks/master/cdr/sms.conf /etc/ansible/playbooks/uk3/cdr/cdr2b/sms.conf", 
                "_uses_shell": false, 
                "chdir": "/etc/ansible/playbooks/", 
                "creates": null, 
                "executable": null, 
                "removes": null, 
                "stdin": null, 
                "warn": true
            }
        }, 
        "item": "cdr2b", 
        "msg": "non-zero return code", 
        "rc": 1, 
        "start": "2018-09-12 06:56:37.848557", 
        "stderr": "", 
        "stderr_lines": [], 
        "stdout": "11c11\n<     <link:3  enabled=\"y\"  type=\"smpp\"   port=\"9023\"  desc=\"SMPP to Tyntec\" />\n---\n>     <link:3  enabled=\"n\"  type=\"sip\"   port=\"9023\"  desc=\"Link 3\" />\n418,420c418,420\n<       <server_addr  ip=\"78.110.226.73\"  cli_port=\"2775\"  srv_port=\"\" />\n<       <id_info  id_string=\"moviusuk3\"  password=\"ie50sboW\"  sys_type=\"CMT\" />\n<       <version  major=\"0x34\"  sms=\"34\" />\n---\n>       <server_addr  ip=\"10.10.10.1\"  cli_port=\"5016\"  srv_port=\"5016\" />\n>       <id_info  id_string=\"buzz\"  password=\"vldw9876\"  sys_type=\"VMS00\" />\n>       <version  major=\"2\"  sms=\"33\" />\n447,450c447,450\n<       <src_addr_type  mwi=\"1\"  cwi=\"1\"  page=\"1\" />\n<       <src_addr_npi  mwi=\"1\" cwi=\"1\"  page=\"1\" />\n<       <dest_addr_type  mwi=\"1\"  cwi=\"1\"  page=\"1\" />\n<       <dest_addr_npi  mwi=\"1\"  cwi=\"1\"  page=\"1\" />\n---\n>       <src_addr_type  mwi=\"0\"  cwi=\"0\"  page=\"0\" />\n>       <src_addr_npi  mwi=\"0\" cwi=\"0\"  page=\"0\" />\n>       <dest_addr_type  mwi=\"0\"  cwi=\"0\"  page=\"0\" />\n>       <dest_addr_npi  mwi=\"0\"  cwi=\"0\"  page=\"0\" />", 
        "stdout_lines": [
            "11c11", 
            "<     <link:3  enabled=\"y\"  type=\"smpp\"   port=\"9023\"  desc=\"SMPP to Tyntec\" />", 
            "---", 
            ">     <link:3  enabled=\"n\"  type=\"sip\"   port=\"9023\"  desc=\"Link 3\" />", 
            "418,420c418,420", 
            "<       <server_addr  ip=\"78.110.226.73\"  cli_port=\"2775\"  srv_port=\"\" />", 
            "<       <id_info  id_string=\"moviusuk3\"  password=\"ie50sboW\"  sys_type=\"CMT\" />", 
            "<       <version  major=\"0x34\"  sms=\"34\" />", 
            "---", 
            ">       <server_addr  ip=\"10.10.10.1\"  cli_port=\"5016\"  srv_port=\"5016\" />", 
            ">       <id_info  id_string=\"buzz\"  password=\"vldw9876\"  sys_type=\"VMS00\" />", 
            ">       <version  major=\"2\"  sms=\"33\" />", 
            "447,450c447,450", 
            "<       <src_addr_type  mwi=\"1\"  cwi=\"1\"  page=\"1\" />", 
            "<       <src_addr_npi  mwi=\"1\" cwi=\"1\"  page=\"1\" />", 
            "<       <dest_addr_type  mwi=\"1\"  cwi=\"1\"  page=\"1\" />", 
            "<       <dest_addr_npi  mwi=\"1\"  cwi=\"1\"  page=\"1\" />", 
            "---", 
            ">       <src_addr_type  mwi=\"0\"  cwi=\"0\"  page=\"0\" />", 
            ">       <src_addr_npi  mwi=\"0\" cwi=\"0\"  page=\"0\" />", 
            ">       <dest_addr_type  mwi=\"0\"  cwi=\"0\"  page=\"0\" />", 
            ">       <dest_addr_npi  mwi=\"0\"  cwi=\"0\"  page=\"0\" />"
        ]
    }, 
    {
        "_ansible_ignore_errors": null, 
        "_ansible_item_result": true, 
        "_ansible_no_log": false, 
        "_ansible_parsed": true, 
        "changed": true, 
        "cmd": [
            "diff", 
            "/etc/ansible/playbooks/master/cdr/sms.conf", 
            "/etc/ansible/playbooks/uk3/cdr/cdr2a/sms.conf"
        ], 
        "delta": "0:00:00.015075", 
        "end": "2018-09-12 06:56:38.229060", 
        "failed": false, 
        "failed_when_result": false, 
        "invocation": {
            "module_args": {
                "_raw_params": "diff /etc/ansible/playbooks/master/cdr/sms.conf /etc/ansible/playbooks/uk3/cdr/cdr2a/sms.conf", 
                "_uses_shell": false, 
                "chdir": "/etc/ansible/playbooks/", 
                "creates": null, 
                "executable": null, 
                "removes": null, 
                "stdin": null, 
                "warn": true
            }
        }, 
        "item": "cdr2a", 
        "msg": "non-zero return code", 
        "rc": 1, 
        "start": "2018-09-12 06:56:38.213985", 
        "stderr": "", 
        "stderr_lines": [], 
        "stdout": "11c11\n<     <link:3  enabled=\"y\"  type=\"smpp\"   port=\"9023\"  desc=\"SMPP to Tyntec\" />\n---\n>     <link:3  enabled=\"n\"  type=\"sip\"   port=\"9023\"  desc=\"Link 3\" />\n418,420c418,420\n<       <server_addr  ip=\"78.110.226.73\"  cli_port=\"2775\"  srv_port=\"\" />\n<       <id_info  id_string=\"moviusuk3\"  password=\"ie50sboW\"  sys_type=\"CMT\" />\n<       <version  major=\"0x34\"  sms=\"34\" />\n---\n>       <server_addr  ip=\"10.10.10.1\"  cli_port=\"5016\"  srv_port=\"5016\" />\n>       <id_info  id_string=\"buzz\"  password=\"vldw9876\"  sys_type=\"VMS00\" />\n>       <version  major=\"2\"  sms=\"33\" />\n447,450c447,450\n<       <src_addr_type  mwi=\"1\"  cwi=\"1\"  page=\"1\" />\n<       <src_addr_npi  mwi=\"1\" cwi=\"1\"  page=\"1\" />\n<       <dest_addr_type  mwi=\"1\"  cwi=\"1\"  page=\"1\" />\n<       <dest_addr_npi  mwi=\"1\"  cwi=\"1\"  page=\"1\" />\n---\n>       <src_addr_type  mwi=\"0\"  cwi=\"0\"  page=\"0\" />\n>       <src_addr_npi  mwi=\"0\" cwi=\"0\"  page=\"0\" />\n>       <dest_addr_type  mwi=\"0\"  cwi=\"0\"  page=\"0\" />\n>       <dest_addr_npi  mwi=\"0\"  cwi=\"0\"  page=\"0\" />", 
        "stdout_lines": [
            "11c11", 
            "<     <link:3  enabled=\"y\"  type=\"smpp\"   port=\"9023\"  desc=\"SMPP to Tyntec\" />", 
            "---", 
            ">     <link:3  enabled=\"n\"  type=\"sip\"   port=\"9023\"  desc=\"Link 3\" />", 
            "418,420c418,420", 
            "<       <server_addr  ip=\"78.110.226.73\"  cli_port=\"2775\"  srv_port=\"\" />", 
            "<       <id_info  id_string=\"moviusuk3\"  password=\"ie50sboW\"  sys_type=\"CMT\" />", 
            "<       <version  major=\"0x34\"  sms=\"34\" />", 
            "---", 
            ">       <server_addr  ip=\"10.10.10.1\"  cli_port=\"5016\"  srv_port=\"5016\" />", 
            ">       <id_info  id_string=\"buzz\"  password=\"vldw9876\"  sys_type=\"VMS00\" />", 
            ">       <version  major=\"2\"  sms=\"33\" />", 
            "447,450c447,450", 
            "<       <src_addr_type  mwi=\"1\"  cwi=\"1\"  page=\"1\" />", 
            "<       <src_addr_npi  mwi=\"1\" cwi=\"1\"  page=\"1\" />", 
            "<       <dest_addr_type  mwi=\"1\"  cwi=\"1\"  page=\"1\" />", 
            "<       <dest_addr_npi  mwi=\"1\"  cwi=\"1\"  page=\"1\" />", 
            "---", 
            ">       <src_addr_type  mwi=\"0\"  cwi=\"0\"  page=\"0\" />", 
            ">       <src_addr_npi  mwi=\"0\" cwi=\"0\"  page=\"0\" />", 
            ">       <dest_addr_type  mwi=\"0\"  cwi=\"0\"  page=\"0\" />", 
            ">       <dest_addr_npi  mwi=\"0\"  cwi=\"0\"  page=\"0\" />"
        ]
    }, 
    {
        "_ansible_ignore_errors": null, 
        "_ansible_item_result": true, 
        "_ansible_no_log": false, 
        "_ansible_parsed": true, 
        "changed": true, 
        "cmd": [
            "diff", 
            "/etc/ansible/playbooks/master/cdr/sms.conf", 
            "/etc/ansible/playbooks/uk3/cdr/cdr1a/sms.conf"
        ], 
        "delta": "0:00:00.016034", 
        "end": "2018-09-12 06:56:38.470039", 
        "failed": false, 
        "failed_when_result": false, 
        "invocation": {
            "module_args": {
                "_raw_params": "diff /etc/ansible/playbooks/master/cdr/sms.conf /etc/ansible/playbooks/uk3/cdr/cdr1a/sms.conf", 
                "_uses_shell": false, 
                "chdir": "/etc/ansible/playbooks/", 
                "creates": null, 
                "executable": null, 
                "removes": null, 
                "stdin": null, 
                "warn": true
            }
        }, 
        "item": "cdr1a", 
        "msg": "non-zero return code", 
        "rc": 1, 
        "start": "2018-09-12 06:56:38.454005", 
        "stderr": "", 
        "stderr_lines": [], 
        "stdout": "11c11\n<     <link:3  enabled=\"y\"  type=\"smpp\"   port=\"9023\"  desc=\"SMPP to Tyntec\" />\n---\n>     <link:3  enabled=\"n\"  type=\"sip\"   port=\"9023\"  desc=\"Link 3\" />\n418,420c418,420\n<       <server_addr  ip=\"78.110.226.73\"  cli_port=\"2775\"  srv_port=\"\" />\n<       <id_info  id_string=\"moviusuk3\"  password=\"ie50sboW\"  sys_type=\"CMT\" />\n<       <version  major=\"0x34\"  sms=\"34\" />\n---\n>       <server_addr  ip=\"10.10.10.1\"  cli_port=\"5016\"  srv_port=\"5016\" />\n>       <id_info  id_string=\"buzz\"  password=\"vldw9876\"  sys_type=\"VMS00\" />\n>       <version  major=\"2\"  sms=\"33\" />\n447,450c447,450\n<       <src_addr_type  mwi=\"1\"  cwi=\"1\"  page=\"1\" />\n<       <src_addr_npi  mwi=\"1\" cwi=\"1\"  page=\"1\" />\n<       <dest_addr_type  mwi=\"1\"  cwi=\"1\"  page=\"1\" />\n<       <dest_addr_npi  mwi=\"1\"  cwi=\"1\"  page=\"1\" />\n---\n>       <src_addr_type  mwi=\"0\"  cwi=\"0\"  page=\"0\" />\n>       <src_addr_npi  mwi=\"0\" cwi=\"0\"  page=\"0\" />\n>       <dest_addr_type  mwi=\"0\"  cwi=\"0\"  page=\"0\" />\n>       <dest_addr_npi  mwi=\"0\"  cwi=\"0\"  page=\"0\" />", 
        "stdout_lines": [
            "11c11", 
            "<     <link:3  enabled=\"y\"  type=\"smpp\"   port=\"9023\"  desc=\"SMPP to Tyntec\" />", 
            "---", 
            ">     <link:3  enabled=\"n\"  type=\"sip\"   port=\"9023\"  desc=\"Link 3\" />", 
            "418,420c418,420", 
            "<       <server_addr  ip=\"78.110.226.73\"  cli_port=\"2775\"  srv_port=\"\" />", 
            "<       <id_info  id_string=\"moviusuk3\"  password=\"ie50sboW\"  sys_type=\"CMT\" />", 
            "<       <version  major=\"0x34\"  sms=\"34\" />", 
            "---", 
            ">       <server_addr  ip=\"10.10.10.1\"  cli_port=\"5016\"  srv_port=\"5016\" />", 
            ">       <id_info  id_string=\"buzz\"  password=\"vldw9876\"  sys_type=\"VMS00\" />", 
            ">       <version  major=\"2\"  sms=\"33\" />", 
            "447,450c447,450", 
            "<       <src_addr_type  mwi=\"1\"  cwi=\"1\"  page=\"1\" />", 
            "<       <src_addr_npi  mwi=\"1\" cwi=\"1\"  page=\"1\" />", 
            "<       <dest_addr_type  mwi=\"1\"  cwi=\"1\"  page=\"1\" />", 
            "<       <dest_addr_npi  mwi=\"1\"  cwi=\"1\"  page=\"1\" />", 
            "---", 
            ">       <src_addr_type  mwi=\"0\"  cwi=\"0\"  page=\"0\" />", 
            ">       <src_addr_npi  mwi=\"0\" cwi=\"0\"  page=\"0\" />", 
            ">       <dest_addr_type  mwi=\"0\"  cwi=\"0\"  page=\"0\" />", 
            ">       <dest_addr_npi  mwi=\"0\"  cwi=\"0\"  page=\"0\" />"
        ]
    }
]