[
    {
        "_ansible_ignore_errors": null, 
        "_ansible_item_result": true, 
        "_ansible_no_log": false, 
        "_ansible_parsed": true, 
        "changed": false, 
        "cmd": [
            "diff", 
            "/etc/ansible/playbooks/master/mas/ha.yml", 
            "/etc/ansible/playbooks/uk3/mas/mas4/ha.yml"
        ], 
        "delta": "0:00:00.001632", 
        "end": "2018-10-03 07:07:36.857911", 
        "failed": false, 
        "failed_when_result": false, 
        "invocation": {
            "module_args": {
                "_raw_params": "diff /etc/ansible/playbooks/master/mas/ha.yml /etc/ansible/playbooks/uk3/mas/mas4/ha.yml", 
                "_uses_shell": false, 
                "chdir": "/etc/ansible/playbooks/", 
                "creates": null, 
                "executable": null, 
                "removes": null, 
                "stdin": null, 
                "warn": true
            }
        }, 
        "item": "mas4", 
        "rc": 0, 
        "start": "2018-10-03 07:07:36.856279", 
        "stderr": "", 
        "stderr_lines": [], 
        "stdout": "", 
        "stdout_lines": []
    }, 
    {
        "_ansible_ignore_errors": null, 
        "_ansible_item_result": true, 
        "_ansible_no_log": false, 
        "_ansible_parsed": true, 
        "changed": false, 
        "cmd": [
            "diff", 
            "/etc/ansible/playbooks/master/mas/ha.yml", 
            "/etc/ansible/playbooks/uk3/mas/mas3/ha.yml"
        ], 
        "delta": "0:00:00.001612", 
        "end": "2018-10-03 07:07:37.127451", 
        "failed": false, 
        "failed_when_result": false, 
        "invocation": {
            "module_args": {
                "_raw_params": "diff /etc/ansible/playbooks/master/mas/ha.yml /etc/ansible/playbooks/uk3/mas/mas3/ha.yml", 
                "_uses_shell": false, 
                "chdir": "/etc/ansible/playbooks/", 
                "creates": null, 
                "executable": null, 
                "removes": null, 
                "stdin": null, 
                "warn": true
            }
        }, 
        "item": "mas3", 
        "rc": 0, 
        "start": "2018-10-03 07:07:37.125839", 
        "stderr": "", 
        "stderr_lines": [], 
        "stdout": "", 
        "stdout_lines": []
    }, 
    {
        "_ansible_ignore_errors": null, 
        "_ansible_item_result": true, 
        "_ansible_no_log": false, 
        "_ansible_parsed": true, 
        "changed": false, 
        "cmd": [
            "diff", 
            "/etc/ansible/playbooks/master/mas/ha.yml", 
            "/etc/ansible/playbooks/uk3/mas/mas2/ha.yml"
        ], 
        "delta": "0:00:00.001647", 
        "end": "2018-10-03 07:07:37.359220", 
        "failed": false, 
        "failed_when_result": false, 
        "invocation": {
            "module_args": {
                "_raw_params": "diff /etc/ansible/playbooks/master/mas/ha.yml /etc/ansible/playbooks/uk3/mas/mas2/ha.yml", 
                "_uses_shell": false, 
                "chdir": "/etc/ansible/playbooks/", 
                "creates": null, 
                "executable": null, 
                "removes": null, 
                "stdin": null, 
                "warn": true
            }
        }, 
        "item": "mas2", 
        "rc": 0, 
        "start": "2018-10-03 07:07:37.357573", 
        "stderr": "", 
        "stderr_lines": [], 
        "stdout": "", 
        "stdout_lines": []
    }, 
    {
        "_ansible_ignore_errors": null, 
        "_ansible_item_result": true, 
        "_ansible_no_log": false, 
        "_ansible_parsed": true, 
        "changed": false, 
        "cmd": [
            "diff", 
            "/etc/ansible/playbooks/master/mas/ha.yml", 
            "/etc/ansible/playbooks/uk3/mas/mas1/ha.yml"
        ], 
        "delta": "0:00:00.001657", 
        "end": "2018-10-03 07:07:37.602945", 
        "failed": false, 
        "failed_when_result": false, 
        "invocation": {
            "module_args": {
                "_raw_params": "diff /etc/ansible/playbooks/master/mas/ha.yml /etc/ansible/playbooks/uk3/mas/mas1/ha.yml", 
                "_uses_shell": false, 
                "chdir": "/etc/ansible/playbooks/", 
                "creates": null, 
                "executable": null, 
                "removes": null, 
                "stdin": null, 
                "warn": true
            }
        }, 
        "item": "mas1", 
        "rc": 0, 
        "start": "2018-10-03 07:07:37.601288", 
        "stderr": "", 
        "stderr_lines": [], 
        "stdout": "", 
        "stdout_lines": []
    }
]