[
    {
        "_ansible_ignore_errors": null, 
        "_ansible_item_result": true, 
        "_ansible_no_log": false, 
        "_ansible_parsed": true, 
        "changed": false, 
        "cmd": [
            "diff", 
            "/etc/ansible/playbooks/master/mas/http.conf", 
            "/etc/ansible/playbooks/uk3/mas/mas4/http.conf"
        ], 
        "delta": "0:00:00.001669", 
        "end": "2018-09-20 05:13:03.099385", 
        "failed": false, 
        "failed_when_result": false, 
        "invocation": {
            "module_args": {
                "_raw_params": "diff /etc/ansible/playbooks/master/mas/http.conf /etc/ansible/playbooks/uk3/mas/mas4/http.conf", 
                "_uses_shell": false, 
                "chdir": "/etc/ansible/playbooks/", 
                "creates": null, 
                "executable": null, 
                "removes": null, 
                "stdin": null, 
                "warn": true
            }
        }, 
        "item": "mas4", 
        "rc": 0, 
        "start": "2018-09-20 05:13:03.097716", 
        "stderr": "", 
        "stderr_lines": [], 
        "stdout": "", 
        "stdout_lines": []
    }, 
    {
        "_ansible_ignore_errors": null, 
        "_ansible_item_result": true, 
        "_ansible_no_log": false, 
        "_ansible_parsed": true, 
        "changed": false, 
        "cmd": [
            "diff", 
            "/etc/ansible/playbooks/master/mas/http.conf", 
            "/etc/ansible/playbooks/uk3/mas/mas3/http.conf"
        ], 
        "delta": "0:00:00.001646", 
        "end": "2018-09-20 05:13:03.333860", 
        "failed": false, 
        "failed_when_result": false, 
        "invocation": {
            "module_args": {
                "_raw_params": "diff /etc/ansible/playbooks/master/mas/http.conf /etc/ansible/playbooks/uk3/mas/mas3/http.conf", 
                "_uses_shell": false, 
                "chdir": "/etc/ansible/playbooks/", 
                "creates": null, 
                "executable": null, 
                "removes": null, 
                "stdin": null, 
                "warn": true
            }
        }, 
        "item": "mas3", 
        "rc": 0, 
        "start": "2018-09-20 05:13:03.332214", 
        "stderr": "", 
        "stderr_lines": [], 
        "stdout": "", 
        "stdout_lines": []
    }, 
    {
        "_ansible_ignore_errors": null, 
        "_ansible_item_result": true, 
        "_ansible_no_log": false, 
        "_ansible_parsed": true, 
        "changed": false, 
        "cmd": [
            "diff", 
            "/etc/ansible/playbooks/master/mas/http.conf", 
            "/etc/ansible/playbooks/uk3/mas/mas2/http.conf"
        ], 
        "delta": "0:00:00.001759", 
        "end": "2018-09-20 05:13:03.571854", 
        "failed": false, 
        "failed_when_result": false, 
        "invocation": {
            "module_args": {
                "_raw_params": "diff /etc/ansible/playbooks/master/mas/http.conf /etc/ansible/playbooks/uk3/mas/mas2/http.conf", 
                "_uses_shell": false, 
                "chdir": "/etc/ansible/playbooks/", 
                "creates": null, 
                "executable": null, 
                "removes": null, 
                "stdin": null, 
                "warn": true
            }
        }, 
        "item": "mas2", 
        "rc": 0, 
        "start": "2018-09-20 05:13:03.570095", 
        "stderr": "", 
        "stderr_lines": [], 
        "stdout": "", 
        "stdout_lines": []
    }, 
    {
        "_ansible_ignore_errors": null, 
        "_ansible_item_result": true, 
        "_ansible_no_log": false, 
        "_ansible_parsed": true, 
        "changed": false, 
        "cmd": [
            "diff", 
            "/etc/ansible/playbooks/master/mas/http.conf", 
            "/etc/ansible/playbooks/uk3/mas/mas1/http.conf"
        ], 
        "delta": "0:00:00.001647", 
        "end": "2018-09-20 05:13:03.805497", 
        "failed": false, 
        "failed_when_result": false, 
        "invocation": {
            "module_args": {
                "_raw_params": "diff /etc/ansible/playbooks/master/mas/http.conf /etc/ansible/playbooks/uk3/mas/mas1/http.conf", 
                "_uses_shell": false, 
                "chdir": "/etc/ansible/playbooks/", 
                "creates": null, 
                "executable": null, 
                "removes": null, 
                "stdin": null, 
                "warn": true
            }
        }, 
        "item": "mas1", 
        "rc": 0, 
        "start": "2018-09-20 05:13:03.803850", 
        "stderr": "", 
        "stderr_lines": [], 
        "stdout": "", 
        "stdout_lines": []
    }
]