[
    {
        "_ansible_ignore_errors": null, 
        "_ansible_item_result": true, 
        "_ansible_no_log": false, 
        "_ansible_parsed": true, 
        "changed": true, 
        "cmd": [
            "diff", 
            "/etc/ansible/playbooks/master/mas/manager.conf", 
            "/etc/ansible/playbooks/uk3/mas/mas4/manager.conf"
        ], 
        "delta": "0:00:00.001692", 
        "end": "2018-09-20 03:58:28.583176", 
        "failed": false, 
        "failed_when_result": false, 
        "invocation": {
            "module_args": {
                "_raw_params": "diff /etc/ansible/playbooks/master/mas/manager.conf /etc/ansible/playbooks/uk3/mas/mas4/manager.conf", 
                "_uses_shell": false, 
                "chdir": "/etc/ansible/playbooks/", 
                "creates": null, 
                "executable": null, 
                "removes": null, 
                "stdin": null, 
                "warn": true
            }
        }, 
        "item": "mas4", 
        "msg": "non-zero return code", 
        "rc": 1, 
        "start": "2018-09-20 03:58:28.581484", 
        "stderr": "", 
        "stderr_lines": [], 
        "stdout": "32c32\n< dialcanceltimeout=10000\n---\n> dialcanceltimeout=7000", 
        "stdout_lines": [
            "32c32", 
            "< dialcanceltimeout=10000", 
            "---", 
            "> dialcanceltimeout=7000"
        ]
    }, 
    {
        "_ansible_ignore_errors": null, 
        "_ansible_item_result": true, 
        "_ansible_no_log": false, 
        "_ansible_parsed": true, 
        "changed": true, 
        "cmd": [
            "diff", 
            "/etc/ansible/playbooks/master/mas/manager.conf", 
            "/etc/ansible/playbooks/uk3/mas/mas3/manager.conf"
        ], 
        "delta": "0:00:00.001592", 
        "end": "2018-09-20 03:58:28.812661", 
        "failed": false, 
        "failed_when_result": false, 
        "invocation": {
            "module_args": {
                "_raw_params": "diff /etc/ansible/playbooks/master/mas/manager.conf /etc/ansible/playbooks/uk3/mas/mas3/manager.conf", 
                "_uses_shell": false, 
                "chdir": "/etc/ansible/playbooks/", 
                "creates": null, 
                "executable": null, 
                "removes": null, 
                "stdin": null, 
                "warn": true
            }
        }, 
        "item": "mas3", 
        "msg": "non-zero return code", 
        "rc": 1, 
        "start": "2018-09-20 03:58:28.811069", 
        "stderr": "", 
        "stderr_lines": [], 
        "stdout": "32c32\n< dialcanceltimeout=10000\n---\n> dialcanceltimeout=7000", 
        "stdout_lines": [
            "32c32", 
            "< dialcanceltimeout=10000", 
            "---", 
            "> dialcanceltimeout=7000"
        ]
    }, 
    {
        "_ansible_ignore_errors": null, 
        "_ansible_item_result": true, 
        "_ansible_no_log": false, 
        "_ansible_parsed": true, 
        "changed": true, 
        "cmd": [
            "diff", 
            "/etc/ansible/playbooks/master/mas/manager.conf", 
            "/etc/ansible/playbooks/uk3/mas/mas2/manager.conf"
        ], 
        "delta": "0:00:00.001798", 
        "end": "2018-09-20 03:58:29.045527", 
        "failed": false, 
        "failed_when_result": false, 
        "invocation": {
            "module_args": {
                "_raw_params": "diff /etc/ansible/playbooks/master/mas/manager.conf /etc/ansible/playbooks/uk3/mas/mas2/manager.conf", 
                "_uses_shell": false, 
                "chdir": "/etc/ansible/playbooks/", 
                "creates": null, 
                "executable": null, 
                "removes": null, 
                "stdin": null, 
                "warn": true
            }
        }, 
        "item": "mas2", 
        "msg": "non-zero return code", 
        "rc": 1, 
        "start": "2018-09-20 03:58:29.043729", 
        "stderr": "", 
        "stderr_lines": [], 
        "stdout": "32c32\n< dialcanceltimeout=10000\n---\n> dialcanceltimeout=7000", 
        "stdout_lines": [
            "32c32", 
            "< dialcanceltimeout=10000", 
            "---", 
            "> dialcanceltimeout=7000"
        ]
    }, 
    {
        "_ansible_ignore_errors": null, 
        "_ansible_item_result": true, 
        "_ansible_no_log": false, 
        "_ansible_parsed": true, 
        "changed": true, 
        "cmd": [
            "diff", 
            "/etc/ansible/playbooks/master/mas/manager.conf", 
            "/etc/ansible/playbooks/uk3/mas/mas1/manager.conf"
        ], 
        "delta": "0:00:00.001633", 
        "end": "2018-09-20 03:58:29.275197", 
        "failed": false, 
        "failed_when_result": false, 
        "invocation": {
            "module_args": {
                "_raw_params": "diff /etc/ansible/playbooks/master/mas/manager.conf /etc/ansible/playbooks/uk3/mas/mas1/manager.conf", 
                "_uses_shell": false, 
                "chdir": "/etc/ansible/playbooks/", 
                "creates": null, 
                "executable": null, 
                "removes": null, 
                "stdin": null, 
                "warn": true
            }
        }, 
        "item": "mas1", 
        "msg": "non-zero return code", 
        "rc": 1, 
        "start": "2018-09-20 03:58:29.273564", 
        "stderr": "", 
        "stderr_lines": [], 
        "stdout": "32c32\n< dialcanceltimeout=10000\n---\n> dialcanceltimeout=7000", 
        "stdout_lines": [
            "32c32", 
            "< dialcanceltimeout=10000", 
            "---", 
            "> dialcanceltimeout=7000"
        ]
    }
]