[
    {
        "_ansible_ignore_errors": null, 
        "_ansible_item_result": true, 
        "_ansible_no_log": false, 
        "_ansible_parsed": true, 
        "changed": true, 
        "cmd": [
            "diff", 
            "/etc/ansible/playbooks/master/mas/pgbouncer.ini", 
            "/etc/ansible/playbooks/uk3/mas/mas4/pgbouncer.ini"
        ], 
        "delta": "0:00:00.001640", 
        "end": "2018-09-20 03:58:24.313667", 
        "failed": false, 
        "failed_when_result": false, 
        "invocation": {
            "module_args": {
                "_raw_params": "diff /etc/ansible/playbooks/master/mas/pgbouncer.ini /etc/ansible/playbooks/uk3/mas/mas4/pgbouncer.ini", 
                "_uses_shell": false, 
                "chdir": "/etc/ansible/playbooks/", 
                "creates": null, 
                "executable": null, 
                "removes": null, 
                "stdin": null, 
                "warn": true
            }
        }, 
        "item": "mas4", 
        "msg": "non-zero return code", 
        "rc": 1, 
        "start": "2018-09-20 03:58:24.312027", 
        "stderr": "", 
        "stderr_lines": [], 
        "stdout": "4c4\n< common = host=10.165.46.10 dbname=mcp_production user=postgres \n---\n> common = host=10.165.46.10 dbname=mcp_production user=postgres", 
        "stdout_lines": [
            "4c4", 
            "< common = host=10.165.46.10 dbname=mcp_production user=postgres ", 
            "---", 
            "> common = host=10.165.46.10 dbname=mcp_production user=postgres"
        ]
    }, 
    {
        "_ansible_ignore_errors": null, 
        "_ansible_item_result": true, 
        "_ansible_no_log": false, 
        "_ansible_parsed": true, 
        "changed": true, 
        "cmd": [
            "diff", 
            "/etc/ansible/playbooks/master/mas/pgbouncer.ini", 
            "/etc/ansible/playbooks/uk3/mas/mas3/pgbouncer.ini"
        ], 
        "delta": "0:00:00.001579", 
        "end": "2018-09-20 03:58:24.543964", 
        "failed": false, 
        "failed_when_result": false, 
        "invocation": {
            "module_args": {
                "_raw_params": "diff /etc/ansible/playbooks/master/mas/pgbouncer.ini /etc/ansible/playbooks/uk3/mas/mas3/pgbouncer.ini", 
                "_uses_shell": false, 
                "chdir": "/etc/ansible/playbooks/", 
                "creates": null, 
                "executable": null, 
                "removes": null, 
                "stdin": null, 
                "warn": true
            }
        }, 
        "item": "mas3", 
        "msg": "non-zero return code", 
        "rc": 1, 
        "start": "2018-09-20 03:58:24.542385", 
        "stderr": "", 
        "stderr_lines": [], 
        "stdout": "4c4\n< common = host=10.165.46.10 dbname=mcp_production user=postgres \n---\n> common = host=10.165.46.10 dbname=mcp_production user=postgres", 
        "stdout_lines": [
            "4c4", 
            "< common = host=10.165.46.10 dbname=mcp_production user=postgres ", 
            "---", 
            "> common = host=10.165.46.10 dbname=mcp_production user=postgres"
        ]
    }, 
    {
        "_ansible_ignore_errors": null, 
        "_ansible_item_result": true, 
        "_ansible_no_log": false, 
        "_ansible_parsed": true, 
        "changed": true, 
        "cmd": [
            "diff", 
            "/etc/ansible/playbooks/master/mas/pgbouncer.ini", 
            "/etc/ansible/playbooks/uk3/mas/mas2/pgbouncer.ini"
        ], 
        "delta": "0:00:00.001634", 
        "end": "2018-09-20 03:58:24.773878", 
        "failed": false, 
        "failed_when_result": false, 
        "invocation": {
            "module_args": {
                "_raw_params": "diff /etc/ansible/playbooks/master/mas/pgbouncer.ini /etc/ansible/playbooks/uk3/mas/mas2/pgbouncer.ini", 
                "_uses_shell": false, 
                "chdir": "/etc/ansible/playbooks/", 
                "creates": null, 
                "executable": null, 
                "removes": null, 
                "stdin": null, 
                "warn": true
            }
        }, 
        "item": "mas2", 
        "msg": "non-zero return code", 
        "rc": 1, 
        "start": "2018-09-20 03:58:24.772244", 
        "stderr": "", 
        "stderr_lines": [], 
        "stdout": "4c4\n< common = host=10.165.46.10 dbname=mcp_production user=postgres \n---\n> common = host=10.165.46.10 dbname=mcp_production user=postgres", 
        "stdout_lines": [
            "4c4", 
            "< common = host=10.165.46.10 dbname=mcp_production user=postgres ", 
            "---", 
            "> common = host=10.165.46.10 dbname=mcp_production user=postgres"
        ]
    }, 
    {
        "_ansible_ignore_errors": null, 
        "_ansible_item_result": true, 
        "_ansible_no_log": false, 
        "_ansible_parsed": true, 
        "changed": true, 
        "cmd": [
            "diff", 
            "/etc/ansible/playbooks/master/mas/pgbouncer.ini", 
            "/etc/ansible/playbooks/uk3/mas/mas1/pgbouncer.ini"
        ], 
        "delta": "0:00:00.001663", 
        "end": "2018-09-20 03:58:25.012104", 
        "failed": false, 
        "failed_when_result": false, 
        "invocation": {
            "module_args": {
                "_raw_params": "diff /etc/ansible/playbooks/master/mas/pgbouncer.ini /etc/ansible/playbooks/uk3/mas/mas1/pgbouncer.ini", 
                "_uses_shell": false, 
                "chdir": "/etc/ansible/playbooks/", 
                "creates": null, 
                "executable": null, 
                "removes": null, 
                "stdin": null, 
                "warn": true
            }
        }, 
        "item": "mas1", 
        "msg": "non-zero return code", 
        "rc": 1, 
        "start": "2018-09-20 03:58:25.010441", 
        "stderr": "", 
        "stderr_lines": [], 
        "stdout": "4c4\n< common = host=10.165.46.10 dbname=mcp_production user=postgres \n---\n> common = host=10.165.46.10 dbname=mcp_production user=postgres", 
        "stdout_lines": [
            "4c4", 
            "< common = host=10.165.46.10 dbname=mcp_production user=postgres ", 
            "---", 
            "> common = host=10.165.46.10 dbname=mcp_production user=postgres"
        ]
    }
]