[
    {
        "_ansible_ignore_errors": null, 
        "_ansible_item_result": true, 
        "_ansible_no_log": false, 
        "_ansible_parsed": true, 
        "changed": false, 
        "cmd": [
            "diff", 
            "/etc/ansible/playbooks/master/mas/pgbouncer.ini", 
            "/etc/ansible/playbooks/uk3/mas/mas4/pgbouncer.ini"
        ], 
        "delta": "0:00:00.001731", 
        "end": "2018-09-18 01:15:25.075954", 
        "failed": false, 
        "failed_when_result": false, 
        "invocation": {
            "module_args": {
                "_raw_params": "diff /etc/ansible/playbooks/master/mas/pgbouncer.ini /etc/ansible/playbooks/uk3/mas/mas4/pgbouncer.ini", 
                "_uses_shell": false, 
                "chdir": "/etc/ansible/playbooks/", 
                "creates": null, 
                "executable": null, 
                "removes": null, 
                "stdin": null, 
                "warn": true
            }
        }, 
        "item": "mas4", 
        "rc": 0, 
        "start": "2018-09-18 01:15:25.074223", 
        "stderr": "", 
        "stderr_lines": [], 
        "stdout": "", 
        "stdout_lines": []
    }, 
    {
        "_ansible_ignore_errors": null, 
        "_ansible_item_result": true, 
        "_ansible_no_log": false, 
        "_ansible_parsed": true, 
        "changed": false, 
        "cmd": [
            "diff", 
            "/etc/ansible/playbooks/master/mas/pgbouncer.ini", 
            "/etc/ansible/playbooks/uk3/mas/mas3/pgbouncer.ini"
        ], 
        "delta": "0:00:00.001619", 
        "end": "2018-09-18 01:15:25.337142", 
        "failed": false, 
        "failed_when_result": false, 
        "invocation": {
            "module_args": {
                "_raw_params": "diff /etc/ansible/playbooks/master/mas/pgbouncer.ini /etc/ansible/playbooks/uk3/mas/mas3/pgbouncer.ini", 
                "_uses_shell": false, 
                "chdir": "/etc/ansible/playbooks/", 
                "creates": null, 
                "executable": null, 
                "removes": null, 
                "stdin": null, 
                "warn": true
            }
        }, 
        "item": "mas3", 
        "rc": 0, 
        "start": "2018-09-18 01:15:25.335523", 
        "stderr": "", 
        "stderr_lines": [], 
        "stdout": "", 
        "stdout_lines": []
    }, 
    {
        "_ansible_ignore_errors": null, 
        "_ansible_item_result": true, 
        "_ansible_no_log": false, 
        "_ansible_parsed": true, 
        "changed": false, 
        "cmd": [
            "diff", 
            "/etc/ansible/playbooks/master/mas/pgbouncer.ini", 
            "/etc/ansible/playbooks/uk3/mas/mas2/pgbouncer.ini"
        ], 
        "delta": "0:00:00.001643", 
        "end": "2018-09-18 01:15:25.563184", 
        "failed": false, 
        "failed_when_result": false, 
        "invocation": {
            "module_args": {
                "_raw_params": "diff /etc/ansible/playbooks/master/mas/pgbouncer.ini /etc/ansible/playbooks/uk3/mas/mas2/pgbouncer.ini", 
                "_uses_shell": false, 
                "chdir": "/etc/ansible/playbooks/", 
                "creates": null, 
                "executable": null, 
                "removes": null, 
                "stdin": null, 
                "warn": true
            }
        }, 
        "item": "mas2", 
        "rc": 0, 
        "start": "2018-09-18 01:15:25.561541", 
        "stderr": "", 
        "stderr_lines": [], 
        "stdout": "", 
        "stdout_lines": []
    }, 
    {
        "_ansible_ignore_errors": null, 
        "_ansible_item_result": true, 
        "_ansible_no_log": false, 
        "_ansible_parsed": true, 
        "changed": false, 
        "cmd": [
            "diff", 
            "/etc/ansible/playbooks/master/mas/pgbouncer.ini", 
            "/etc/ansible/playbooks/uk3/mas/mas1/pgbouncer.ini"
        ], 
        "delta": "0:00:00.001655", 
        "end": "2018-09-18 01:15:25.788829", 
        "failed": false, 
        "failed_when_result": false, 
        "invocation": {
            "module_args": {
                "_raw_params": "diff /etc/ansible/playbooks/master/mas/pgbouncer.ini /etc/ansible/playbooks/uk3/mas/mas1/pgbouncer.ini", 
                "_uses_shell": false, 
                "chdir": "/etc/ansible/playbooks/", 
                "creates": null, 
                "executable": null, 
                "removes": null, 
                "stdin": null, 
                "warn": true
            }
        }, 
        "item": "mas1", 
        "rc": 0, 
        "start": "2018-09-18 01:15:25.787174", 
        "stderr": "", 
        "stderr_lines": [], 
        "stdout": "", 
        "stdout_lines": []
    }
]