[
    {
        "_ansible_ignore_errors": null, 
        "_ansible_item_result": true, 
        "_ansible_no_log": false, 
        "_ansible_parsed": true, 
        "changed": false, 
        "cmd": [
            "diff", 
            "/etc/ansible/playbooks/master/mas/sms_gateway.yml", 
            "/etc/ansible/playbooks/uk3/mas/mas4/sms_gateway.yml"
        ], 
        "delta": "0:00:00.001744", 
        "end": "2018-10-03 07:07:39.212665", 
        "failed": false, 
        "failed_when_result": false, 
        "invocation": {
            "module_args": {
                "_raw_params": "diff /etc/ansible/playbooks/master/mas/sms_gateway.yml /etc/ansible/playbooks/uk3/mas/mas4/sms_gateway.yml", 
                "_uses_shell": false, 
                "chdir": "/etc/ansible/playbooks/", 
                "creates": null, 
                "executable": null, 
                "removes": null, 
                "stdin": null, 
                "warn": true
            }
        }, 
        "item": "mas4", 
        "rc": 0, 
        "start": "2018-10-03 07:07:39.210921", 
        "stderr": "", 
        "stderr_lines": [], 
        "stdout": "", 
        "stdout_lines": []
    }, 
    {
        "_ansible_ignore_errors": null, 
        "_ansible_item_result": true, 
        "_ansible_no_log": false, 
        "_ansible_parsed": true, 
        "changed": true, 
        "cmd": [
            "diff", 
            "/etc/ansible/playbooks/master/mas/sms_gateway.yml", 
            "/etc/ansible/playbooks/uk3/mas/mas3/sms_gateway.yml"
        ], 
        "delta": "0:00:00.001969", 
        "end": "2018-10-03 07:07:39.470924", 
        "failed": false, 
        "failed_when_result": false, 
        "invocation": {
            "module_args": {
                "_raw_params": "diff /etc/ansible/playbooks/master/mas/sms_gateway.yml /etc/ansible/playbooks/uk3/mas/mas3/sms_gateway.yml", 
                "_uses_shell": false, 
                "chdir": "/etc/ansible/playbooks/", 
                "creates": null, 
                "executable": null, 
                "removes": null, 
                "stdin": null, 
                "warn": true
            }
        }, 
        "item": "mas3", 
        "msg": "non-zero return code", 
        "rc": 1, 
        "start": "2018-10-03 07:07:39.468955", 
        "stderr": "", 
        "stderr_lines": [], 
        "stdout": "29c29\n<  :kannel_sendsms_url: 'http://10.164.133.210:13013/cgi-bin/sendsms'\n---\n>  :kannel_sendsms_url: 'http://10.164.133.212:13013/cgi-bin/sendsms'", 
        "stdout_lines": [
            "29c29", 
            "<  :kannel_sendsms_url: 'http://10.164.133.210:13013/cgi-bin/sendsms'", 
            "---", 
            ">  :kannel_sendsms_url: 'http://10.164.133.212:13013/cgi-bin/sendsms'"
        ]
    }, 
    {
        "_ansible_ignore_errors": null, 
        "_ansible_item_result": true, 
        "_ansible_no_log": false, 
        "_ansible_parsed": true, 
        "changed": false, 
        "cmd": [
            "diff", 
            "/etc/ansible/playbooks/master/mas/sms_gateway.yml", 
            "/etc/ansible/playbooks/uk3/mas/mas2/sms_gateway.yml"
        ], 
        "delta": "0:00:00.001704", 
        "end": "2018-10-03 07:07:39.727906", 
        "failed": false, 
        "failed_when_result": false, 
        "invocation": {
            "module_args": {
                "_raw_params": "diff /etc/ansible/playbooks/master/mas/sms_gateway.yml /etc/ansible/playbooks/uk3/mas/mas2/sms_gateway.yml", 
                "_uses_shell": false, 
                "chdir": "/etc/ansible/playbooks/", 
                "creates": null, 
                "executable": null, 
                "removes": null, 
                "stdin": null, 
                "warn": true
            }
        }, 
        "item": "mas2", 
        "rc": 0, 
        "start": "2018-10-03 07:07:39.726202", 
        "stderr": "", 
        "stderr_lines": [], 
        "stdout": "", 
        "stdout_lines": []
    }, 
    {
        "_ansible_ignore_errors": null, 
        "_ansible_item_result": true, 
        "_ansible_no_log": false, 
        "_ansible_parsed": true, 
        "changed": false, 
        "cmd": [
            "diff", 
            "/etc/ansible/playbooks/master/mas/sms_gateway.yml", 
            "/etc/ansible/playbooks/uk3/mas/mas1/sms_gateway.yml"
        ], 
        "delta": "0:00:00.001683", 
        "end": "2018-10-03 07:07:39.981600", 
        "failed": false, 
        "failed_when_result": false, 
        "invocation": {
            "module_args": {
                "_raw_params": "diff /etc/ansible/playbooks/master/mas/sms_gateway.yml /etc/ansible/playbooks/uk3/mas/mas1/sms_gateway.yml", 
                "_uses_shell": false, 
                "chdir": "/etc/ansible/playbooks/", 
                "creates": null, 
                "executable": null, 
                "removes": null, 
                "stdin": null, 
                "warn": true
            }
        }, 
        "item": "mas1", 
        "rc": 0, 
        "start": "2018-10-03 07:07:39.979917", 
        "stderr": "", 
        "stderr_lines": [], 
        "stdout": "", 
        "stdout_lines": []
    }
]